  [1m[36m (8.1ms)[0m  [1mCREATE TABLE "schema_migrations" ("version" varchar NOT NULL) [0m
  [1m[35m (0.1ms)[0m  select sqlite_version(*)
  [1m[36m (1.5ms)[0m  [1mCREATE UNIQUE INDEX "unique_schema_migrations" ON "schema_migrations" ("version")[0m
  [1m[35mActiveRecord::SchemaMigration Load (0.1ms)[0m  SELECT "schema_migrations".* FROM "schema_migrations"
Migrating to DeviseCreateUsers (20160405174320)
  [1m[36m (0.0ms)[0m  [1mbegin transaction[0m
  [1m[35m (0.2ms)[0m  CREATE TABLE "users" ("id" INTEGER PRIMARY KEY AUTOINCREMENT NOT NULL, "email" varchar DEFAULT '' NOT NULL, "encrypted_password" varchar DEFAULT '' NOT NULL, "reset_password_token" varchar, "reset_password_sent_at" datetime, "remember_created_at" datetime, "sign_in_count" integer DEFAULT 0 NOT NULL, "current_sign_in_at" datetime, "last_sign_in_at" datetime, "current_sign_in_ip" varchar, "last_sign_in_ip" varchar, "created_at" datetime NOT NULL, "updated_at" datetime NOT NULL) 
  [1m[36m (0.1ms)[0m  [1mCREATE UNIQUE INDEX "index_users_on_email" ON "users" ("email")[0m
  [1m[35m (0.1ms)[0m              SELECT sql
            FROM sqlite_master
            WHERE name='index_users_on_email' AND type='index'
            UNION ALL
            SELECT sql
            FROM sqlite_temp_master
            WHERE name='index_users_on_email' AND type='index'

  [1m[36m (0.2ms)[0m  [1mCREATE UNIQUE INDEX "index_users_on_reset_password_token" ON "users" ("reset_password_token")[0m
  [1m[35mSQL (0.1ms)[0m  INSERT INTO "schema_migrations" ("version") VALUES (?)  [["version", "20160405174320"]]
  [1m[36m (2.0ms)[0m  [1mcommit transaction[0m
Migrating to CreatePosts (20160405190357)
  [1m[35m (0.0ms)[0m  begin transaction
  [1m[36m (0.2ms)[0m  [1mCREATE TABLE "posts" ("id" INTEGER PRIMARY KEY AUTOINCREMENT NOT NULL, "name" varchar, "description" text, "category" varchar, "created_at" datetime NOT NULL, "updated_at" datetime NOT NULL) [0m
  [1m[35mSQL (0.1ms)[0m  INSERT INTO "schema_migrations" ("version") VALUES (?)  [["version", "20160405190357"]]
  [1m[36m (1.6ms)[0m  [1mcommit transaction[0m
Migrating to AddUserIdToPosts (20160405204003)
  [1m[35m (0.8ms)[0m  begin transaction
  [1m[36m (0.3ms)[0m  [1mALTER TABLE "posts" ADD "user_id" integer[0m
  [1m[35mSQL (0.1ms)[0m  INSERT INTO "schema_migrations" ("version") VALUES (?)  [["version", "20160405204003"]]
  [1m[36m (7.6ms)[0m  [1mcommit transaction[0m
Migrating to CreateComments (20160412194625)
  [1m[35m (0.1ms)[0m  begin transaction
  [1m[36m (0.2ms)[0m  [1mCREATE TABLE "comments" ("id" INTEGER PRIMARY KEY AUTOINCREMENT NOT NULL, "comment" text, "post_id" integer, "user_id" integer, "created_at" datetime NOT NULL, "updated_at" datetime NOT NULL) [0m
  [1m[35m (0.1ms)[0m  CREATE  INDEX "index_comments_on_post_id" ON "comments" ("post_id")
  [1m[36m (0.0ms)[0m  [1m            SELECT sql
            FROM sqlite_master
            WHERE name='index_comments_on_post_id' AND type='index'
            UNION ALL
            SELECT sql
            FROM sqlite_temp_master
            WHERE name='index_comments_on_post_id' AND type='index'
[0m
  [1m[35m (0.2ms)[0m  CREATE  INDEX "index_comments_on_user_id" ON "comments" ("user_id")
  [1m[36mSQL (0.1ms)[0m  [1mINSERT INTO "schema_migrations" ("version") VALUES (?)[0m  [["version", "20160412194625"]]
  [1m[35m (5.7ms)[0m  commit transaction
Migrating to AddAttachmentImageToPosts (20160412235937)
  [1m[36m (0.1ms)[0m  [1mbegin transaction[0m
  [1m[35m (0.3ms)[0m  ALTER TABLE "posts" ADD "image_file_name" varchar
  [1m[36m (0.1ms)[0m  [1mALTER TABLE "posts" ADD "image_content_type" varchar[0m
  [1m[35m (0.1ms)[0m  ALTER TABLE "posts" ADD "image_file_size" integer
  [1m[36m (0.1ms)[0m  [1mALTER TABLE "posts" ADD "image_updated_at" datetime[0m
  [1m[35mSQL (0.1ms)[0m  INSERT INTO "schema_migrations" ("version") VALUES (?)  [["version", "20160412235937"]]
  [1m[36m (4.8ms)[0m  [1mcommit transaction[0m
Migrating to AddAttachmentImageToComments (20160413004438)
  [1m[35m (0.1ms)[0m  begin transaction
  [1m[36m (0.2ms)[0m  [1mALTER TABLE "comments" ADD "image_file_name" varchar[0m
  [1m[35m (0.1ms)[0m  ALTER TABLE "comments" ADD "image_content_type" varchar
  [1m[36m (0.2ms)[0m  [1mALTER TABLE "comments" ADD "image_file_size" integer[0m
  [1m[35m (0.1ms)[0m  ALTER TABLE "comments" ADD "image_updated_at" datetime
  [1m[36mSQL (0.1ms)[0m  [1mINSERT INTO "schema_migrations" ("version") VALUES (?)[0m  [["version", "20160413004438"]]
  [1m[35m (3.0ms)[0m  commit transaction
Migrating to CreateArticles (20160414023134)
  [1m[36m (0.0ms)[0m  [1mbegin transaction[0m
  [1m[35m (0.2ms)[0m  CREATE TABLE "articles" ("id" INTEGER PRIMARY KEY AUTOINCREMENT NOT NULL, "created_at" datetime NOT NULL, "updated_at" datetime NOT NULL) 
  [1m[36mSQL (0.1ms)[0m  [1mINSERT INTO "schema_migrations" ("version") VALUES (?)[0m  [["version", "20160414023134"]]
  [1m[35m (3.5ms)[0m  commit transaction
Migrating to CreateDreams (20160414035956)
  [1m[36m (0.0ms)[0m  [1mbegin transaction[0m
  [1m[35m (0.2ms)[0m  CREATE TABLE "dreams" ("id" INTEGER PRIMARY KEY AUTOINCREMENT NOT NULL, "description" varchar, "start_time" datetime, "created_at" datetime NOT NULL, "updated_at" datetime NOT NULL) 
  [1m[36mSQL (0.2ms)[0m  [1mINSERT INTO "schema_migrations" ("version") VALUES (?)[0m  [["version", "20160414035956"]]
  [1m[35m (2.7ms)[0m  commit transaction
Migrating to AddUserIdToDreams (20160414175412)
  [1m[36m (0.0ms)[0m  [1mbegin transaction[0m
  [1m[35m (0.2ms)[0m  ALTER TABLE "dreams" ADD "user_id" integer
  [1m[36mSQL (0.1ms)[0m  [1mINSERT INTO "schema_migrations" ("version") VALUES (?)[0m  [["version", "20160414175412"]]
  [1m[35m (1.8ms)[0m  commit transaction
Migrating to CreateCkeditorAssets (20160414225456)
  [1m[36m (0.0ms)[0m  [1mbegin transaction[0m
  [1m[35m (0.2ms)[0m  CREATE TABLE "ckeditor_assets" ("id" INTEGER PRIMARY KEY AUTOINCREMENT NOT NULL, "data_file_name" varchar NOT NULL, "data_content_type" varchar, "data_file_size" integer, "assetable_id" integer, "assetable_type" varchar(30), "type" varchar(30), "width" integer, "height" integer, "created_at" datetime NOT NULL, "updated_at" datetime NOT NULL) 
  [1m[36m (0.1ms)[0m  [1mCREATE  INDEX "idx_ckeditor_assetable_type" ON "ckeditor_assets" ("assetable_type", "type", "assetable_id")[0m
  [1m[35m (0.0ms)[0m              SELECT sql
            FROM sqlite_master
            WHERE name='idx_ckeditor_assetable_type' AND type='index'
            UNION ALL
            SELECT sql
            FROM sqlite_temp_master
            WHERE name='idx_ckeditor_assetable_type' AND type='index'

  [1m[36m (0.1ms)[0m  [1mCREATE  INDEX "idx_ckeditor_assetable" ON "ckeditor_assets" ("assetable_type", "assetable_id")[0m
  [1m[35mSQL (0.1ms)[0m  INSERT INTO "schema_migrations" ("version") VALUES (?)  [["version", "20160414225456"]]
  [1m[36m (8.0ms)[0m  [1mcommit transaction[0m
  [1m[35mActiveRecord::SchemaMigration Load (0.1ms)[0m  SELECT "schema_migrations".* FROM "schema_migrations"
  [1m[36m (0.1ms)[0m  [1m            SELECT sql
            FROM sqlite_master
            WHERE name='idx_ckeditor_assetable' AND type='index'
            UNION ALL
            SELECT sql
            FROM sqlite_temp_master
            WHERE name='idx_ckeditor_assetable' AND type='index'
[0m
  [1m[35m (0.1ms)[0m              SELECT sql
            FROM sqlite_master
            WHERE name='idx_ckeditor_assetable_type' AND type='index'
            UNION ALL
            SELECT sql
            FROM sqlite_temp_master
            WHERE name='idx_ckeditor_assetable_type' AND type='index'

  [1m[36m (0.1ms)[0m  [1m            SELECT sql
            FROM sqlite_master
            WHERE name='index_comments_on_user_id' AND type='index'
            UNION ALL
            SELECT sql
            FROM sqlite_temp_master
            WHERE name='index_comments_on_user_id' AND type='index'
[0m
  [1m[35m (0.1ms)[0m              SELECT sql
            FROM sqlite_master
            WHERE name='index_comments_on_post_id' AND type='index'
            UNION ALL
            SELECT sql
            FROM sqlite_temp_master
            WHERE name='index_comments_on_post_id' AND type='index'

  [1m[36m (0.1ms)[0m  [1m            SELECT sql
            FROM sqlite_master
            WHERE name='index_users_on_reset_password_token' AND type='index'
            UNION ALL
            SELECT sql
            FROM sqlite_temp_master
            WHERE name='index_users_on_reset_password_token' AND type='index'
[0m
  [1m[35m (0.1ms)[0m              SELECT sql
            FROM sqlite_master
            WHERE name='index_users_on_email' AND type='index'
            UNION ALL
            SELECT sql
            FROM sqlite_temp_master
            WHERE name='index_users_on_email' AND type='index'



Started GET "/" for 127.0.0.1 at 2016-04-19 00:25:14 -0400
  [1m[36mActiveRecord::SchemaMigration Load (0.1ms)[0m  [1mSELECT "schema_migrations".* FROM "schema_migrations"[0m
Processing by PageController#home as HTML
Completed 401 Unauthorized in 34ms (ActiveRecord: 0.0ms)


Started GET "/users/sign_in" for 127.0.0.1 at 2016-04-19 00:25:14 -0400
Processing by Devise::SessionsController#new as HTML
  Rendered /home/levon/.rbenv/versions/2.2.2/lib/ruby/gems/2.2.0/gems/devise-3.5.6/app/views/devise/shared/_links.html.erb (2.5ms)
  Rendered /home/levon/.rbenv/versions/2.2.2/lib/ruby/gems/2.2.0/gems/devise-3.5.6/app/views/devise/sessions/new.html.erb within layouts/application (14.5ms)
  Rendered layouts/_shim.html.erb (0.3ms)
  Rendered layouts/_header.html.erb (1.2ms)
  Rendered layouts/_footer.html.erb (0.4ms)
Completed 200 OK in 3610ms (Views: 3598.3ms | ActiveRecord: 0.4ms)


Started GET "/assets/bootstrap-sprockets" for 127.0.0.1 at 2016-04-19 00:25:17 -0400


Started GET "/assets/bootstrap" for 127.0.0.1 at 2016-04-19 00:25:18 -0400


Started GET "/home" for 127.0.0.1 at 2016-04-19 00:25:20 -0400
Processing by PageController#home as HTML
Completed 401 Unauthorized in 0ms (ActiveRecord: 0.0ms)


Started GET "/users/sign_in" for 127.0.0.1 at 2016-04-19 00:25:20 -0400
Processing by Devise::SessionsController#new as HTML
  Rendered /home/levon/.rbenv/versions/2.2.2/lib/ruby/gems/2.2.0/gems/devise-3.5.6/app/views/devise/shared/_links.html.erb (0.2ms)
  Rendered /home/levon/.rbenv/versions/2.2.2/lib/ruby/gems/2.2.0/gems/devise-3.5.6/app/views/devise/sessions/new.html.erb within layouts/application (2.6ms)
  Rendered layouts/_shim.html.erb (0.0ms)
  Rendered layouts/_header.html.erb (0.4ms)
  Rendered layouts/_footer.html.erb (0.0ms)
Completed 200 OK in 76ms (Views: 75.5ms | ActiveRecord: 0.0ms)


Started GET "/home" for 127.0.0.1 at 2016-04-19 00:25:21 -0400
Processing by PageController#home as HTML
Completed 401 Unauthorized in 0ms (ActiveRecord: 0.0ms)


Started GET "/users/sign_in" for 127.0.0.1 at 2016-04-19 00:25:21 -0400
Processing by Devise::SessionsController#new as HTML
  Rendered /home/levon/.rbenv/versions/2.2.2/lib/ruby/gems/2.2.0/gems/devise-3.5.6/app/views/devise/shared/_links.html.erb (0.2ms)
  Rendered /home/levon/.rbenv/versions/2.2.2/lib/ruby/gems/2.2.0/gems/devise-3.5.6/app/views/devise/sessions/new.html.erb within layouts/application (2.1ms)
  Rendered layouts/_shim.html.erb (0.0ms)
  Rendered layouts/_header.html.erb (0.4ms)
  Rendered layouts/_footer.html.erb (0.0ms)
Completed 200 OK in 52ms (Views: 49.8ms | ActiveRecord: 0.0ms)


Started GET "/dreams" for 127.0.0.1 at 2016-04-19 00:25:41 -0400
Processing by DreamsController#index as HTML
Completed 401 Unauthorized in 3ms (ActiveRecord: 0.0ms)


Started GET "/users/sign_in" for 127.0.0.1 at 2016-04-19 00:25:41 -0400
Processing by Devise::SessionsController#new as HTML
  Rendered /home/levon/.rbenv/versions/2.2.2/lib/ruby/gems/2.2.0/gems/devise-3.5.6/app/views/devise/shared/_links.html.erb (0.2ms)
  Rendered /home/levon/.rbenv/versions/2.2.2/lib/ruby/gems/2.2.0/gems/devise-3.5.6/app/views/devise/sessions/new.html.erb within layouts/application (2.7ms)
  Rendered layouts/_shim.html.erb (0.0ms)
  Rendered layouts/_header.html.erb (0.6ms)
  Rendered layouts/_footer.html.erb (0.0ms)
Completed 200 OK in 66ms (Views: 65.1ms | ActiveRecord: 0.0ms)


Started GET "/posts" for 127.0.0.1 at 2016-04-19 00:25:41 -0400
Processing by PostsController#index as HTML
  [1m[35mPost Load (0.3ms)[0m  SELECT "posts".* FROM "posts"  ORDER BY created_at DESC
  Rendered posts/index.html.erb within layouts/application (2.2ms)
  Rendered layouts/_shim.html.erb (0.3ms)
  Rendered layouts/_header.html.erb (1.2ms)
  Rendered layouts/_footer.html.erb (0.2ms)
Completed 200 OK in 97ms (Views: 88.8ms | ActiveRecord: 0.4ms)


Started GET "/posts/new" for 127.0.0.1 at 2016-04-19 00:25:42 -0400
Processing by PostsController#new as HTML
Completed 401 Unauthorized in 1ms (ActiveRecord: 0.0ms)


Started GET "/users/sign_in" for 127.0.0.1 at 2016-04-19 00:25:42 -0400
Processing by Devise::SessionsController#new as HTML
  Rendered /home/levon/.rbenv/versions/2.2.2/lib/ruby/gems/2.2.0/gems/devise-3.5.6/app/views/devise/shared/_links.html.erb (0.3ms)
  Rendered /home/levon/.rbenv/versions/2.2.2/lib/ruby/gems/2.2.0/gems/devise-3.5.6/app/views/devise/sessions/new.html.erb within layouts/application (2.5ms)
  Rendered layouts/_shim.html.erb (0.0ms)
  Rendered layouts/_header.html.erb (0.5ms)
  Rendered layouts/_footer.html.erb (0.0ms)
Completed 200 OK in 72ms (Views: 70.6ms | ActiveRecord: 0.0ms)


Started GET "/dreams" for 127.0.0.1 at 2016-04-19 00:26:03 -0400
Processing by DreamsController#index as HTML
Completed 401 Unauthorized in 0ms (ActiveRecord: 0.0ms)


Started GET "/users/sign_in" for 127.0.0.1 at 2016-04-19 00:26:03 -0400
Processing by Devise::SessionsController#new as HTML
  Rendered /home/levon/.rbenv/versions/2.2.2/lib/ruby/gems/2.2.0/gems/devise-3.5.6/app/views/devise/shared/_links.html.erb (0.2ms)
  Rendered /home/levon/.rbenv/versions/2.2.2/lib/ruby/gems/2.2.0/gems/devise-3.5.6/app/views/devise/sessions/new.html.erb within layouts/application (2.2ms)
  Rendered layouts/_shim.html.erb (0.0ms)
  Rendered layouts/_header.html.erb (0.4ms)
  Rendered layouts/_footer.html.erb (0.0ms)
Completed 200 OK in 60ms (Views: 59.3ms | ActiveRecord: 0.0ms)


Started GET "/home" for 127.0.0.1 at 2016-04-19 00:26:04 -0400
Processing by PageController#home as HTML
Completed 401 Unauthorized in 0ms (ActiveRecord: 0.0ms)


Started GET "/users/sign_in" for 127.0.0.1 at 2016-04-19 00:26:04 -0400
Processing by Devise::SessionsController#new as HTML
  Rendered /home/levon/.rbenv/versions/2.2.2/lib/ruby/gems/2.2.0/gems/devise-3.5.6/app/views/devise/shared/_links.html.erb (0.2ms)
  Rendered /home/levon/.rbenv/versions/2.2.2/lib/ruby/gems/2.2.0/gems/devise-3.5.6/app/views/devise/sessions/new.html.erb within layouts/application (2.0ms)
  Rendered layouts/_shim.html.erb (0.0ms)
  Rendered layouts/_header.html.erb (0.4ms)
  Rendered layouts/_footer.html.erb (0.0ms)
Completed 200 OK in 65ms (Views: 64.3ms | ActiveRecord: 0.0ms)


Started GET "/users/sign_up" for 127.0.0.1 at 2016-04-19 00:26:08 -0400
Processing by Devise::RegistrationsController#new as HTML
  Rendered /home/levon/.rbenv/versions/2.2.2/lib/ruby/gems/2.2.0/gems/devise-3.5.6/app/views/devise/shared/_links.html.erb (0.3ms)
  Rendered /home/levon/.rbenv/versions/2.2.2/lib/ruby/gems/2.2.0/gems/devise-3.5.6/app/views/devise/registrations/new.html.erb within layouts/application (2.8ms)
  Rendered layouts/_shim.html.erb (0.0ms)
  Rendered layouts/_header.html.erb (0.5ms)
  Rendered layouts/_footer.html.erb (0.1ms)
Completed 200 OK in 74ms (Views: 73.2ms | ActiveRecord: 0.0ms)


Started POST "/users" for 127.0.0.1 at 2016-04-19 00:26:15 -0400
Processing by Devise::RegistrationsController#create as HTML
  Parameters: {"utf8"=>"✓", "authenticity_token"=>"TIvknVLyBENO2H+AFdx4GgqKxiuzoI1wRfoCaqIprcgTiwQvlFIil27+tXuk8piv5g2As6NbQbTT4ieA/tRn2A==", "user"=>{"email"=>"levoncf@gmail.com", "password"=>"[FILTERED]", "password_confirmation"=>"[FILTERED]"}, "commit"=>"Sign up"}
  [1m[36m (0.1ms)[0m  [1mbegin transaction[0m
  [1m[35mUser Exists (0.1ms)[0m  SELECT  1 AS one FROM "users" WHERE "users"."email" = 'levoncf@gmail.com' LIMIT 1
  [1m[36mSQL (0.2ms)[0m  [1mINSERT INTO "users" ("email", "encrypted_password", "created_at", "updated_at") VALUES (?, ?, ?, ?)[0m  [["email", "levoncf@gmail.com"], ["encrypted_password", "$2a$10$6gJwwpVkyH6cInMAl0VqJ.xFqLsafG2rQMPvsn2t51Ax6GeJRDfdO"], ["created_at", "2016-04-19 04:26:15.432372"], ["updated_at", "2016-04-19 04:26:15.432372"]]
  [1m[35m (5.9ms)[0m  commit transaction
  [1m[36m (0.1ms)[0m  [1mbegin transaction[0m
  [1m[35mSQL (0.2ms)[0m  UPDATE "users" SET "last_sign_in_at" = ?, "current_sign_in_at" = ?, "last_sign_in_ip" = ?, "current_sign_in_ip" = ?, "sign_in_count" = ?, "updated_at" = ? WHERE "users"."id" = ?  [["last_sign_in_at", "2016-04-19 04:26:15.440129"], ["current_sign_in_at", "2016-04-19 04:26:15.440129"], ["last_sign_in_ip", "127.0.0.1"], ["current_sign_in_ip", "127.0.0.1"], ["sign_in_count", 1], ["updated_at", "2016-04-19 04:26:15.440761"], ["id", 1]]
  [1m[36m (1.9ms)[0m  [1mcommit transaction[0m
Redirected to http://localhost:3000/home
Completed 302 Found in 103ms (ActiveRecord: 8.4ms)


Started GET "/home" for 127.0.0.1 at 2016-04-19 00:26:15 -0400
Processing by PageController#home as HTML
  [1m[35mUser Load (0.3ms)[0m  SELECT  "users".* FROM "users" WHERE "users"."id" = ?  ORDER BY "users"."id" ASC LIMIT 1  [["id", 1]]
  Rendered page/home.html.erb within layouts/application (0.8ms)
  Rendered layouts/_shim.html.erb (0.0ms)
  Rendered layouts/_header.html.erb (0.3ms)
  Rendered layouts/_footer.html.erb (0.0ms)
Completed 200 OK in 71ms (Views: 68.6ms | ActiveRecord: 0.3ms)


Started GET "/assets/bootstrap-sprockets" for 127.0.0.1 at 2016-04-19 00:26:15 -0400


Started GET "/assets/bootstrap" for 127.0.0.1 at 2016-04-19 00:26:15 -0400


Started GET "/posts" for 127.0.0.1 at 2016-04-19 00:26:18 -0400
Processing by PostsController#index as HTML
  [1m[36mPost Load (0.1ms)[0m  [1mSELECT "posts".* FROM "posts"  ORDER BY created_at DESC[0m
  Rendered posts/index.html.erb within layouts/application (0.6ms)
  Rendered layouts/_shim.html.erb (0.0ms)
  [1m[35mUser Load (0.1ms)[0m  SELECT  "users".* FROM "users" WHERE "users"."id" = ?  ORDER BY "users"."id" ASC LIMIT 1  [["id", 1]]
  Rendered layouts/_header.html.erb (1.0ms)
  Rendered layouts/_footer.html.erb (0.0ms)
Completed 200 OK in 61ms (Views: 59.9ms | ActiveRecord: 0.2ms)


Started GET "/posts/new" for 127.0.0.1 at 2016-04-19 00:26:19 -0400
Processing by PostsController#new as HTML
  [1m[36mUser Load (0.1ms)[0m  [1mSELECT  "users".* FROM "users" WHERE "users"."id" = ?  ORDER BY "users"."id" ASC LIMIT 1[0m  [["id", 1]]
  Rendered posts/_form.html.erb (3.5ms)
  Rendered posts/new.html.erb within layouts/application (4.4ms)
  Rendered layouts/_shim.html.erb (0.0ms)
  Rendered layouts/_header.html.erb (0.4ms)
  Rendered layouts/_footer.html.erb (0.0ms)
Completed 200 OK in 90ms (Views: 74.4ms | ActiveRecord: 0.3ms)


Started GET "/assets/ckeditor/config.js?t=FB9E" for 127.0.0.1 at 2016-04-19 00:26:19 -0400


Started GET "/assets/ckeditor/skins/moono/editor_gecko.css?t=FB9E" for 127.0.0.1 at 2016-04-19 00:26:19 -0400


Started GET "/assets/ckeditor/lang/en.js?t=FB9E" for 127.0.0.1 at 2016-04-19 00:26:19 -0400


Started GET "/assets/ckeditor/styles.js?t=FB9E" for 127.0.0.1 at 2016-04-19 00:26:19 -0400


Started GET "/assets/ckeditor/skins/moono/icons.png" for 127.0.0.1 at 2016-04-19 00:26:19 -0400


Started GET "/assets/ckeditor/contents.css?t=FB9E" for 127.0.0.1 at 2016-04-19 00:26:19 -0400


Started POST "/posts" for 127.0.0.1 at 2016-04-19 00:26:38 -0400
Processing by PostsController#create as HTML
  Parameters: {"utf8"=>"✓", "authenticity_token"=>"KiqUe4QNRye6V7ZrPmeX4lynhYCs7A6PVOt9wVMJJlB1KnTJQq1h85pxfJCPSXdXsCDDGLwXwkvC81grD/TsQA==", "post"=>{"name"=>"123", "description"=>"<p>23</p>\r\n", "category"=>"12"}, "commit"=>"Create Post"}
  [1m[35mUser Load (0.1ms)[0m  SELECT  "users".* FROM "users" WHERE "users"."id" = ?  ORDER BY "users"."id" ASC LIMIT 1  [["id", 1]]
  [1m[36m (0.1ms)[0m  [1mbegin transaction[0m
  [1m[35mSQL (0.2ms)[0m  INSERT INTO "posts" ("name", "description", "category", "user_id", "created_at", "updated_at") VALUES (?, ?, ?, ?, ?, ?)  [["name", "123"], ["description", "<p>23</p>\r\n"], ["category", "12"], ["user_id", 1], ["created_at", "2016-04-19 04:26:38.691338"], ["updated_at", "2016-04-19 04:26:38.691338"]]
  [1m[36m (8.5ms)[0m  [1mcommit transaction[0m
Redirected to http://localhost:3000/post.1
Completed 302 Found in 14ms (ActiveRecord: 8.9ms)


Started GET "/post.1" for 127.0.0.1 at 2016-04-19 00:26:38 -0400
Processing by PageController#post as 
  [1m[35mUser Load (0.1ms)[0m  SELECT  "users".* FROM "users" WHERE "users"."id" = ?  ORDER BY "users"."id" ASC LIMIT 1  [["id", 1]]
  Rendered page/post.html.erb within layouts/application (0.4ms)
  Rendered layouts/_shim.html.erb (0.3ms)
  Rendered layouts/_header.html.erb (0.8ms)
  Rendered layouts/_footer.html.erb (0.2ms)
Completed 200 OK in 86ms (Views: 82.8ms | ActiveRecord: 0.1ms)


Started GET "/assets/bootstrap-sprockets" for 127.0.0.1 at 2016-04-19 00:26:38 -0400


Started GET "/assets/bootstrap" for 127.0.0.1 at 2016-04-19 00:26:38 -0400


Started GET "/posts" for 127.0.0.1 at 2016-04-19 00:28:48 -0400
Processing by PostsController#index as HTML
  [1m[36mPost Load (0.3ms)[0m  [1mSELECT "posts".* FROM "posts"  ORDER BY created_at DESC[0m
  [1m[35mUser Load (0.1ms)[0m  SELECT  "users".* FROM "users" WHERE "users"."id" = ? LIMIT 1  [["id", 1]]
  [1m[36mUser Load (0.2ms)[0m  [1mSELECT  "users".* FROM "users" WHERE "users"."id" = ?  ORDER BY "users"."id" ASC LIMIT 1[0m  [["id", 1]]
  Rendered posts/index.html.erb within layouts/application (18.9ms)
  Rendered layouts/_shim.html.erb (0.1ms)
  Rendered layouts/_header.html.erb (0.2ms)
  Rendered layouts/_footer.html.erb (0.0ms)
Completed 200 OK in 81ms (Views: 74.8ms | ActiveRecord: 3.3ms)


Started GET "/post.1" for 127.0.0.1 at 2016-04-19 00:28:50 -0400
Processing by PageController#post as 
  [1m[35mUser Load (0.1ms)[0m  SELECT  "users".* FROM "users" WHERE "users"."id" = ?  ORDER BY "users"."id" ASC LIMIT 1  [["id", 1]]
  Rendered page/post.html.erb within layouts/application (0.1ms)
  Rendered layouts/_shim.html.erb (0.0ms)
  Rendered layouts/_header.html.erb (0.3ms)
  Rendered layouts/_footer.html.erb (0.0ms)
Completed 200 OK in 100ms (Views: 96.0ms | ActiveRecord: 0.1ms)


Started GET "/posts" for 127.0.0.1 at 2016-04-19 00:29:26 -0400
Processing by PostsController#index as HTML
  [1m[36mPost Load (0.3ms)[0m  [1mSELECT "posts".* FROM "posts"  ORDER BY created_at DESC[0m
  [1m[35mUser Load (0.1ms)[0m  SELECT  "users".* FROM "users" WHERE "users"."id" = ? LIMIT 1  [["id", 1]]
  [1m[36mUser Load (0.3ms)[0m  [1mSELECT  "users".* FROM "users" WHERE "users"."id" = ?  ORDER BY "users"."id" ASC LIMIT 1[0m  [["id", 1]]
  Rendered posts/index.html.erb within layouts/application (17.7ms)
  Rendered layouts/_shim.html.erb (0.0ms)
  Rendered layouts/_header.html.erb (0.3ms)
  Rendered layouts/_footer.html.erb (0.1ms)
Completed 200 OK in 102ms (Views: 98.1ms | ActiveRecord: 1.1ms)


Started GET "/assets/comments.self-e3b0c44298fc1c149afbf4c8996fb92427ae41e4649b934ca495991b7852b855.css?body=1" for 127.0.0.1 at 2016-04-19 00:29:27 -0400


Started GET "/assets/custom.self-bc22ba2ffb3534ad225b41766cfb68aa5c2193862f349eef2b1378ad64d2aa2a.css?body=1" for 127.0.0.1 at 2016-04-19 00:29:27 -0400


Started GET "/assets/page.self-e3b0c44298fc1c149afbf4c8996fb92427ae41e4649b934ca495991b7852b855.css?body=1" for 127.0.0.1 at 2016-04-19 00:29:27 -0400


Started GET "/assets/posts.self-e3b0c44298fc1c149afbf4c8996fb92427ae41e4649b934ca495991b7852b855.css?body=1" for 127.0.0.1 at 2016-04-19 00:29:27 -0400


Started GET "/assets/application.self-e945a907fe4cf393484dedb2af3b14e7233df7fc333f67d23e2b04b40954d245.css?body=1" for 127.0.0.1 at 2016-04-19 00:29:27 -0400


Started GET "/assets/dreams.self-e3b0c44298fc1c149afbf4c8996fb92427ae41e4649b934ca495991b7852b855.css?body=1" for 127.0.0.1 at 2016-04-19 00:29:27 -0400


Started GET "/assets/scaffolds.self-a3b31e1d385390c97b4e58e7a50affd2f223386596859c7612048c2a333b760e.css?body=1" for 127.0.0.1 at 2016-04-19 00:29:27 -0400


Started GET "/assets/simple_calendar.self-dac38931e6aab1acce39832478fee00a3ea733acc3d8bf92752a09e61f71cf25.css?body=1" for 127.0.0.1 at 2016-04-19 00:29:27 -0400


Started GET "/assets/masonry/basic.self-e7ec9a3a635d67da34f624b83c0af44d7e8c43b98df64fdf8c96278b7472f491.css?body=1" for 127.0.0.1 at 2016-04-19 00:29:27 -0400


Started GET "/assets/masonry/transitions.self-a7dd920491429cc09dda36f003350cf98f5cec3c45d00888fab83293dce6ce92.css?body=1" for 127.0.0.1 at 2016-04-19 00:29:27 -0400


Started GET "/assets/masonry/centered.self-879593f9244eeba1cc998ec04c0ce3a75c7ffc296cd51adf39d9577dd1ad1b22.css?body=1" for 127.0.0.1 at 2016-04-19 00:29:27 -0400


Started GET "/assets/masonry/fluid.self-780061412a1035e7eb041e9dc70ba54566fcbd4add9186e1cbdad64c18d637d5.css?body=1" for 127.0.0.1 at 2016-04-19 00:29:27 -0400


Started GET "/assets/jquery.self-660adc51e0224b731d29f575a6f1ec167ba08ad06ed5deca4f1e8654c135bf4c.js?body=1" for 127.0.0.1 at 2016-04-19 00:29:27 -0400


Started GET "/assets/masonry/gutters.self-489950bf182e3d644754b0cb2f718b05b0748afe9abdac3bb98c43f70f7f725a.css?body=1" for 127.0.0.1 at 2016-04-19 00:29:27 -0400


Started GET "/assets/jquery_ujs.self-e87806d0cf4489aeb1bb7288016024e8de67fd18db693fe026fe3907581e53cd.js?body=1" for 127.0.0.1 at 2016-04-19 00:29:27 -0400


Started GET "/assets/masonry/infinitescroll.self-2277014da156e886215b5c5626ebefa2212dafbdc0cca01aef5ebfdcb431ff9c.css?body=1" for 127.0.0.1 at 2016-04-19 00:29:27 -0400


Started GET "/assets/masonry/right-to-left.self-1926f6dff2363b494817518a408088f03c8a3f3b41a6fcd449d45684c352721e.css?body=1" for 127.0.0.1 at 2016-04-19 00:29:27 -0400


Started GET "/assets/masonry/jquery.masonry.self-e55a2ca40f0bd20129930439c10a6b8c5dd26787b41fd8427db5b9da8c2af52f.js?body=1" for 127.0.0.1 at 2016-04-19 00:29:27 -0400


Started GET "/assets/ckeditor/init.self-2f3e80b764bc18c9362e6f3326e1f32d4a8bdceff67345a3453a93b111626ff3.js?body=1" for 127.0.0.1 at 2016-04-19 00:29:27 -0400


Started GET "/assets/ckeditor/ckeditor.self-d44511d44b2c01b6466fda92764336001e42a860f53ed63541c0f871afed5d7a.js?body=1" for 127.0.0.1 at 2016-04-19 00:29:27 -0400


Started GET "/assets/bootstrap/alert.self-a29e91e8cd3ddaba9bbc466901d53ec2127e9256b9b941905d525a3a716bd1a5.js?body=1" for 127.0.0.1 at 2016-04-19 00:29:27 -0400


Started GET "/assets/bootstrap/button.self-a6cb16785434acb365ae426aef9f1fce05ed553cae7a965e4471c3da71509175.js?body=1" for 127.0.0.1 at 2016-04-19 00:29:27 -0400


Started GET "/assets/bootstrap/affix.self-d2b642d8fbfc1d7041e2edefd66683ada567a980789dcd6f94fddda0b33408b5.js?body=1" for 127.0.0.1 at 2016-04-19 00:29:27 -0400


Started GET "/assets/bootstrap/carousel.self-57eb8422043cf0a85b7a9dc6843916eb0a3e35b419c7798a5eb254b918997631.js?body=1" for 127.0.0.1 at 2016-04-19 00:29:27 -0400


Started GET "/assets/bootstrap/collapse.self-7dc8bfbc2fbfabd2bad62c58ff8ffeaf8f20fb87c7ca6cd35f06d4dc19632587.js?body=1" for 127.0.0.1 at 2016-04-19 00:29:27 -0400


Started GET "/assets/bootstrap/tab.self-122235057fbd4c6c7da377d59dc58f47b44cb1088a2e38e6ee6ce9d8ac29a26a.js?body=1" for 127.0.0.1 at 2016-04-19 00:29:27 -0400


Started GET "/assets/bootstrap/dropdown.self-9314126777c6be5443e37ea7f7967d7914d72b3e60449ba50edc967446373059.js?body=1" for 127.0.0.1 at 2016-04-19 00:29:27 -0400


Started GET "/assets/bootstrap/transition.self-09ff30b1e8a93d1f7728b9855f55d9c9d8d5734c8861e0d8139994e50944572a.js?body=1" for 127.0.0.1 at 2016-04-19 00:29:27 -0400


Started GET "/assets/bootstrap/scrollspy.self-a155b9d4b2f978905f0326c0f6635e1134fe91c6bfbfcbad079fa24a9fef2b0e.js?body=1" for 127.0.0.1 at 2016-04-19 00:29:27 -0400


Started GET "/assets/bootstrap/modal.self-72f95ffa1071297725a9ac91989693d56d1abf23f441a47455073b0da2857a5b.js?body=1" for 127.0.0.1 at 2016-04-19 00:29:27 -0400


Started GET "/assets/bootstrap/tooltip.self-11cf547be953f25f511cec668f6690473fd97b2f65502e4032f4030999a3f0c3.js?body=1" for 127.0.0.1 at 2016-04-19 00:29:27 -0400


Started GET "/assets/bootstrap-sprockets.self-fbfa5ad7d9aa0afe439ec4ff3883acc4cb92b62cb67c40d674320c9aa1d4642d.js?body=1" for 127.0.0.1 at 2016-04-19 00:29:27 -0400


Started GET "/assets/bootstrap/popover.self-77d8e3a2499c1104ef146396a68b82469ee2bdb365199b874694698d10405e9a.js?body=1" for 127.0.0.1 at 2016-04-19 00:29:27 -0400


Started GET "/assets/page.self-877aef30ae1b040ab8a3aba4e3e309a11d7f2612f44dde450b5c157aa5f95c05.js?body=1" for 127.0.0.1 at 2016-04-19 00:29:27 -0400


Started GET "/assets/comments.self-877aef30ae1b040ab8a3aba4e3e309a11d7f2612f44dde450b5c157aa5f95c05.js?body=1" for 127.0.0.1 at 2016-04-19 00:29:27 -0400


Started GET "/assets/application.self-10ad0916cf31256fe71785e8dc9cc297a96b1cdf7b74aeb61711199b9a3d003f.js?body=1" for 127.0.0.1 at 2016-04-19 00:29:27 -0400


Started GET "/assets/dreams.self-f5559788d9a3e210abf6d3c2c99669ae0d32cc02b6be18883f843559760fdade.js?body=1" for 127.0.0.1 at 2016-04-19 00:29:27 -0400


Started GET "/assets/turbolinks.self-c37727e9bd6b2735da5c311aa83fead54ed0be6cc8bd9a65309e9c5abe2cbfff.js?body=1" for 127.0.0.1 at 2016-04-19 00:29:27 -0400


Started GET "/assets/posts.self-f5559788d9a3e210abf6d3c2c99669ae0d32cc02b6be18883f843559760fdade.js?body=1" for 127.0.0.1 at 2016-04-19 00:29:27 -0400


Started GET "/assets/bootstrap-sprockets" for 127.0.0.1 at 2016-04-19 00:29:27 -0400


Started GET "/assets/bootstrap" for 127.0.0.1 at 2016-04-19 00:29:27 -0400


Started GET "/dreams" for 127.0.0.1 at 2016-04-19 00:29:28 -0400
Processing by DreamsController#index as HTML
  [1m[35mUser Load (0.1ms)[0m  SELECT  "users".* FROM "users" WHERE "users"."id" = ?  ORDER BY "users"."id" ASC LIMIT 1  [["id", 1]]
  [1m[36mDream Load (0.2ms)[0m  [1mSELECT "dreams".* FROM "dreams" WHERE "dreams"."user_id" = ?  ORDER BY created_at DESC[0m  [["user_id", 1]]
  Rendered simple_calendar/_month_calendar.html.erb (5.8ms)
  Rendered dreams/index.html.erb within layouts/application (16.4ms)
  Rendered layouts/_shim.html.erb (0.0ms)
  Rendered layouts/_header.html.erb (0.3ms)
  Rendered layouts/_footer.html.erb (0.0ms)
Completed 200 OK in 121ms (Views: 104.3ms | ActiveRecord: 0.4ms)


Started GET "/posts" for 127.0.0.1 at 2016-04-19 00:29:29 -0400
Processing by PostsController#index as HTML
  [1m[35mPost Load (0.2ms)[0m  SELECT "posts".* FROM "posts"  ORDER BY created_at DESC
  [1m[36mUser Load (0.1ms)[0m  [1mSELECT  "users".* FROM "users" WHERE "users"."id" = ? LIMIT 1[0m  [["id", 1]]
  [1m[35mUser Load (0.2ms)[0m  SELECT  "users".* FROM "users" WHERE "users"."id" = ?  ORDER BY "users"."id" ASC LIMIT 1  [["id", 1]]
  Rendered posts/index.html.erb within layouts/application (5.0ms)
  Rendered layouts/_shim.html.erb (0.1ms)
  Rendered layouts/_header.html.erb (0.4ms)
  Rendered layouts/_footer.html.erb (0.1ms)
Completed 200 OK in 105ms (Views: 103.5ms | ActiveRecord: 0.5ms)


Started GET "/posts/1" for 127.0.0.1 at 2016-04-19 00:29:30 -0400
Processing by PostsController#show as HTML
  Parameters: {"id"=>"1"}
  [1m[36mPost Load (0.1ms)[0m  [1mSELECT  "posts".* FROM "posts" WHERE "posts"."id" = ? LIMIT 1[0m  [["id", 1]]
  [1m[35m (0.1ms)[0m  SELECT COUNT(*) FROM "comments" WHERE "comments"."post_id" = ?  [["post_id", 1]]
  [1m[36mComment Load (0.2ms)[0m  [1mSELECT "comments".* FROM "comments" WHERE "comments"."post_id" = ?[0m  [["post_id", 1]]
  Rendered collection (0.0ms)
  [1m[35mUser Load (0.1ms)[0m  SELECT  "users".* FROM "users" WHERE "users"."id" = ?  ORDER BY "users"."id" ASC LIMIT 1  [["id", 1]]
DEPRECATION WARNING: `#column_for_attribute` will return a null object for non-existent columns in Rails 5. Use `#has_attribute?` if you need to check for an attribute's existence. (called from block in _app_views_comments__form_html_erb__2181390871980175130_70311329119200 at /home/levon/Desktop/Project 3901/Project6/lastest/Fantastic-5---Project-6/DreamBox/app/views/comments/_form.html.erb:4)
  Rendered comments/_form.html.erb (13.0ms)
  [1m[36mUser Load (0.1ms)[0m  [1mSELECT  "users".* FROM "users" WHERE "users"."id" = ? LIMIT 1[0m  [["id", 1]]
  Rendered posts/show.html.erb within layouts/application (28.8ms)
  Rendered layouts/_shim.html.erb (0.0ms)
  Rendered layouts/_header.html.erb (0.3ms)
  Rendered layouts/_footer.html.erb (0.1ms)
Completed 200 OK in 107ms (Views: 105.3ms | ActiveRecord: 0.8ms)


Started GET "/posts/1/edit" for 127.0.0.1 at 2016-04-19 00:29:36 -0400
Processing by PostsController#edit as HTML
  Parameters: {"id"=>"1"}
  [1m[35mPost Load (0.1ms)[0m  SELECT  "posts".* FROM "posts" WHERE "posts"."id" = ? LIMIT 1  [["id", 1]]
  [1m[36mUser Load (0.0ms)[0m  [1mSELECT  "users".* FROM "users" WHERE "users"."id" = ?  ORDER BY "users"."id" ASC LIMIT 1[0m  [["id", 1]]
  Rendered posts/_form.html.erb (1.7ms)
  Rendered posts/edit.html.erb within layouts/application (3.4ms)
  Rendered layouts/_shim.html.erb (0.1ms)
  Rendered layouts/_header.html.erb (0.4ms)
  Rendered layouts/_footer.html.erb (0.1ms)
Completed 200 OK in 71ms (Views: 69.7ms | ActiveRecord: 0.1ms)


Started GET "/images/medium/missing.png" for 127.0.0.1 at 2016-04-19 00:29:36 -0400

ActionController::RoutingError (No route matches [GET] "/images/medium/missing.png"):
  actionpack (4.2.6) lib/action_dispatch/middleware/debug_exceptions.rb:21:in `call'
  web-console (2.3.0) lib/web_console/middleware.rb:28:in `block in call'
  web-console (2.3.0) lib/web_console/middleware.rb:18:in `catch'
  web-console (2.3.0) lib/web_console/middleware.rb:18:in `call'
  actionpack (4.2.6) lib/action_dispatch/middleware/show_exceptions.rb:30:in `call'
  railties (4.2.6) lib/rails/rack/logger.rb:38:in `call_app'
  railties (4.2.6) lib/rails/rack/logger.rb:20:in `block in call'
  activesupport (4.2.6) lib/active_support/tagged_logging.rb:68:in `block in tagged'
  activesupport (4.2.6) lib/active_support/tagged_logging.rb:26:in `tagged'
  activesupport (4.2.6) lib/active_support/tagged_logging.rb:68:in `tagged'
  railties (4.2.6) lib/rails/rack/logger.rb:20:in `call'
  actionpack (4.2.6) lib/action_dispatch/middleware/request_id.rb:21:in `call'
  rack (1.6.4) lib/rack/methodoverride.rb:22:in `call'
  rack (1.6.4) lib/rack/runtime.rb:18:in `call'
  activesupport (4.2.6) lib/active_support/cache/strategy/local_cache_middleware.rb:28:in `call'
  rack (1.6.4) lib/rack/lock.rb:17:in `call'
  actionpack (4.2.6) lib/action_dispatch/middleware/static.rb:120:in `call'
  rack (1.6.4) lib/rack/sendfile.rb:113:in `call'
  railties (4.2.6) lib/rails/engine.rb:518:in `call'
  railties (4.2.6) lib/rails/application.rb:165:in `call'
  rack (1.6.4) lib/rack/lock.rb:17:in `call'
  rack (1.6.4) lib/rack/content_length.rb:15:in `call'
  rack (1.6.4) lib/rack/handler/webrick.rb:88:in `service'
  /home/levon/.rbenv/versions/2.2.2/lib/ruby/2.2.0/webrick/httpserver.rb:138:in `service'
  /home/levon/.rbenv/versions/2.2.2/lib/ruby/2.2.0/webrick/httpserver.rb:94:in `run'
  /home/levon/.rbenv/versions/2.2.2/lib/ruby/2.2.0/webrick/server.rb:294:in `block in start_thread'


  Rendered /home/levon/.rbenv/versions/2.2.2/lib/ruby/gems/2.2.0/gems/actionpack-4.2.6/lib/action_dispatch/middleware/templates/rescues/_trace.html.erb (1.3ms)
  Rendered /home/levon/.rbenv/versions/2.2.2/lib/ruby/gems/2.2.0/gems/actionpack-4.2.6/lib/action_dispatch/middleware/templates/routes/_route.html.erb (2.1ms)
  Rendered /home/levon/.rbenv/versions/2.2.2/lib/ruby/gems/2.2.0/gems/actionpack-4.2.6/lib/action_dispatch/middleware/templates/routes/_route.html.erb (0.2ms)
  Rendered /home/levon/.rbenv/versions/2.2.2/lib/ruby/gems/2.2.0/gems/actionpack-4.2.6/lib/action_dispatch/middleware/templates/routes/_table.html.erb (2.1ms)
  Rendered /home/levon/.rbenv/versions/2.2.2/lib/ruby/gems/2.2.0/gems/actionpack-4.2.6/lib/action_dispatch/middleware/templates/rescues/_request_and_response.html.erb (5.2ms)
  Rendered /home/levon/.rbenv/versions/2.2.2/lib/ruby/gems/2.2.0/gems/actionpack-4.2.6/lib/action_dispatch/middleware/templates/rescues/routing_error.html.erb within rescues/layout (47.9ms)
  Rendered /home/levon/.rbenv/versions/2.2.2/lib/ruby/gems/2.2.0/gems/web-console-2.3.0/lib/web_console/templates/_markup.html.erb (0.5ms)
  Rendered /home/levon/.rbenv/versions/2.2.2/lib/ruby/gems/2.2.0/gems/web-console-2.3.0/lib/web_console/templates/_inner_console_markup.html.erb within layouts/inlined_string (1.6ms)
  Rendered /home/levon/.rbenv/versions/2.2.2/lib/ruby/gems/2.2.0/gems/web-console-2.3.0/lib/web_console/templates/_prompt_box_markup.html.erb within layouts/inlined_string (5.1ms)
  Rendered /home/levon/.rbenv/versions/2.2.2/lib/ruby/gems/2.2.0/gems/web-console-2.3.0/lib/web_console/templates/style.css.erb within layouts/inlined_string (0.3ms)
  Rendered /home/levon/.rbenv/versions/2.2.2/lib/ruby/gems/2.2.0/gems/web-console-2.3.0/lib/web_console/templates/console.js.erb within layouts/javascript (27.3ms)
  Rendered /home/levon/.rbenv/versions/2.2.2/lib/ruby/gems/2.2.0/gems/web-console-2.3.0/lib/web_console/templates/main.js.erb within layouts/javascript (0.4ms)
  Rendered /home/levon/.rbenv/versions/2.2.2/lib/ruby/gems/2.2.0/gems/web-console-2.3.0/lib/web_console/templates/error_page.js.erb within layouts/javascript (0.8ms)
  Rendered /home/levon/.rbenv/versions/2.2.2/lib/ruby/gems/2.2.0/gems/web-console-2.3.0/lib/web_console/templates/index.html.erb (44.8ms)


Started GET "/assets/ckeditor/config.js?t=FB9E" for 127.0.0.1 at 2016-04-19 00:29:36 -0400


Started GET "/assets/ckeditor/skins/moono/editor_gecko.css?t=FB9E" for 127.0.0.1 at 2016-04-19 00:29:36 -0400


Started GET "/assets/ckeditor/lang/en.js?t=FB9E" for 127.0.0.1 at 2016-04-19 00:29:36 -0400


Started GET "/assets/ckeditor/styles.js?t=FB9E" for 127.0.0.1 at 2016-04-19 00:29:36 -0400


Started GET "/assets/ckeditor/skins/moono/icons.png" for 127.0.0.1 at 2016-04-19 00:29:36 -0400


Started GET "/assets/ckeditor/contents.css?t=FB9E" for 127.0.0.1 at 2016-04-19 00:29:37 -0400


Started PATCH "/posts/1" for 127.0.0.1 at 2016-04-19 00:29:40 -0400
Processing by PostsController#update as HTML
  Parameters: {"utf8"=>"✓", "authenticity_token"=>"TEpOXrIEzk3XOaqccT2w3LUYqLr4FjkOuaul1tgmvvkTSq7sdKTomfcfYGfAE1BpWZ/uIujt9covs4A8hNt06Q==", "post"=>{"name"=>"", "description"=>"<p>23</p>\r\n", "category"=>"12"}, "commit"=>"Update Post", "id"=>"1"}
  [1m[35mPost Load (0.1ms)[0m  SELECT  "posts".* FROM "posts" WHERE "posts"."id" = ? LIMIT 1  [["id", 1]]
  [1m[36mUser Load (0.0ms)[0m  [1mSELECT  "users".* FROM "users" WHERE "users"."id" = ?  ORDER BY "users"."id" ASC LIMIT 1[0m  [["id", 1]]
  [1m[35m (0.1ms)[0m  begin transaction
  [1m[36m (0.0ms)[0m  [1mrollback transaction[0m
  Rendered posts/_form.html.erb (3.9ms)
  Rendered posts/edit.html.erb within layouts/application (6.3ms)
  Rendered layouts/_shim.html.erb (0.0ms)
  Rendered layouts/_header.html.erb (0.3ms)
  Rendered layouts/_footer.html.erb (0.0ms)
Completed 200 OK in 93ms (Views: 88.8ms | ActiveRecord: 0.2ms)


Started GET "/images/medium/missing.png" for 127.0.0.1 at 2016-04-19 00:29:40 -0400

ActionController::RoutingError (No route matches [GET] "/images/medium/missing.png"):
  actionpack (4.2.6) lib/action_dispatch/middleware/debug_exceptions.rb:21:in `call'
  web-console (2.3.0) lib/web_console/middleware.rb:28:in `block in call'
  web-console (2.3.0) lib/web_console/middleware.rb:18:in `catch'
  web-console (2.3.0) lib/web_console/middleware.rb:18:in `call'
  actionpack (4.2.6) lib/action_dispatch/middleware/show_exceptions.rb:30:in `call'
  railties (4.2.6) lib/rails/rack/logger.rb:38:in `call_app'
  railties (4.2.6) lib/rails/rack/logger.rb:20:in `block in call'
  activesupport (4.2.6) lib/active_support/tagged_logging.rb:68:in `block in tagged'
  activesupport (4.2.6) lib/active_support/tagged_logging.rb:26:in `tagged'
  activesupport (4.2.6) lib/active_support/tagged_logging.rb:68:in `tagged'
  railties (4.2.6) lib/rails/rack/logger.rb:20:in `call'
  actionpack (4.2.6) lib/action_dispatch/middleware/request_id.rb:21:in `call'
  rack (1.6.4) lib/rack/methodoverride.rb:22:in `call'
  rack (1.6.4) lib/rack/runtime.rb:18:in `call'
  activesupport (4.2.6) lib/active_support/cache/strategy/local_cache_middleware.rb:28:in `call'
  rack (1.6.4) lib/rack/lock.rb:17:in `call'
  actionpack (4.2.6) lib/action_dispatch/middleware/static.rb:120:in `call'
  rack (1.6.4) lib/rack/sendfile.rb:113:in `call'
  railties (4.2.6) lib/rails/engine.rb:518:in `call'
  railties (4.2.6) lib/rails/application.rb:165:in `call'
  rack (1.6.4) lib/rack/lock.rb:17:in `call'
  rack (1.6.4) lib/rack/content_length.rb:15:in `call'
  rack (1.6.4) lib/rack/handler/webrick.rb:88:in `service'
  /home/levon/.rbenv/versions/2.2.2/lib/ruby/2.2.0/webrick/httpserver.rb:138:in `service'
  /home/levon/.rbenv/versions/2.2.2/lib/ruby/2.2.0/webrick/httpserver.rb:94:in `run'
  /home/levon/.rbenv/versions/2.2.2/lib/ruby/2.2.0/webrick/server.rb:294:in `block in start_thread'


  Rendered /home/levon/.rbenv/versions/2.2.2/lib/ruby/gems/2.2.0/gems/actionpack-4.2.6/lib/action_dispatch/middleware/templates/rescues/_trace.html.erb (1.7ms)
  Rendered /home/levon/.rbenv/versions/2.2.2/lib/ruby/gems/2.2.0/gems/actionpack-4.2.6/lib/action_dispatch/middleware/templates/routes/_route.html.erb (2.1ms)
  Rendered /home/levon/.rbenv/versions/2.2.2/lib/ruby/gems/2.2.0/gems/actionpack-4.2.6/lib/action_dispatch/middleware/templates/routes/_route.html.erb (0.3ms)
  Rendered /home/levon/.rbenv/versions/2.2.2/lib/ruby/gems/2.2.0/gems/actionpack-4.2.6/lib/action_dispatch/middleware/templates/routes/_table.html.erb (1.2ms)
  Rendered /home/levon/.rbenv/versions/2.2.2/lib/ruby/gems/2.2.0/gems/actionpack-4.2.6/lib/action_dispatch/middleware/templates/rescues/_request_and_response.html.erb (1.2ms)
  Rendered /home/levon/.rbenv/versions/2.2.2/lib/ruby/gems/2.2.0/gems/actionpack-4.2.6/lib/action_dispatch/middleware/templates/rescues/routing_error.html.erb within rescues/layout (47.6ms)
  Rendered /home/levon/.rbenv/versions/2.2.2/lib/ruby/gems/2.2.0/gems/web-console-2.3.0/lib/web_console/templates/_markup.html.erb (0.4ms)
  Rendered /home/levon/.rbenv/versions/2.2.2/lib/ruby/gems/2.2.0/gems/web-console-2.3.0/lib/web_console/templates/_inner_console_markup.html.erb within layouts/inlined_string (0.3ms)
  Rendered /home/levon/.rbenv/versions/2.2.2/lib/ruby/gems/2.2.0/gems/web-console-2.3.0/lib/web_console/templates/_prompt_box_markup.html.erb within layouts/inlined_string (0.4ms)
  Rendered /home/levon/.rbenv/versions/2.2.2/lib/ruby/gems/2.2.0/gems/web-console-2.3.0/lib/web_console/templates/style.css.erb within layouts/inlined_string (0.4ms)
  Rendered /home/levon/.rbenv/versions/2.2.2/lib/ruby/gems/2.2.0/gems/web-console-2.3.0/lib/web_console/templates/console.js.erb within layouts/javascript (17.3ms)
  Rendered /home/levon/.rbenv/versions/2.2.2/lib/ruby/gems/2.2.0/gems/web-console-2.3.0/lib/web_console/templates/main.js.erb within layouts/javascript (0.2ms)
  Rendered /home/levon/.rbenv/versions/2.2.2/lib/ruby/gems/2.2.0/gems/web-console-2.3.0/lib/web_console/templates/error_page.js.erb within layouts/javascript (0.3ms)
  Rendered /home/levon/.rbenv/versions/2.2.2/lib/ruby/gems/2.2.0/gems/web-console-2.3.0/lib/web_console/templates/index.html.erb (32.0ms)


Started GET "/assets/bootstrap" for 127.0.0.1 at 2016-04-19 00:29:40 -0400


Started GET "/assets/bootstrap-sprockets" for 127.0.0.1 at 2016-04-19 00:29:40 -0400


Started GET "/images/medium/missing.png" for 127.0.0.1 at 2016-04-19 00:29:40 -0400

ActionController::RoutingError (No route matches [GET] "/images/medium/missing.png"):
  actionpack (4.2.6) lib/action_dispatch/middleware/debug_exceptions.rb:21:in `call'
  web-console (2.3.0) lib/web_console/middleware.rb:28:in `block in call'
  web-console (2.3.0) lib/web_console/middleware.rb:18:in `catch'
  web-console (2.3.0) lib/web_console/middleware.rb:18:in `call'
  actionpack (4.2.6) lib/action_dispatch/middleware/show_exceptions.rb:30:in `call'
  railties (4.2.6) lib/rails/rack/logger.rb:38:in `call_app'
  railties (4.2.6) lib/rails/rack/logger.rb:20:in `block in call'
  activesupport (4.2.6) lib/active_support/tagged_logging.rb:68:in `block in tagged'
  activesupport (4.2.6) lib/active_support/tagged_logging.rb:26:in `tagged'
  activesupport (4.2.6) lib/active_support/tagged_logging.rb:68:in `tagged'
  railties (4.2.6) lib/rails/rack/logger.rb:20:in `call'
  actionpack (4.2.6) lib/action_dispatch/middleware/request_id.rb:21:in `call'
  rack (1.6.4) lib/rack/methodoverride.rb:22:in `call'
  rack (1.6.4) lib/rack/runtime.rb:18:in `call'
  activesupport (4.2.6) lib/active_support/cache/strategy/local_cache_middleware.rb:28:in `call'
  rack (1.6.4) lib/rack/lock.rb:17:in `call'
  actionpack (4.2.6) lib/action_dispatch/middleware/static.rb:120:in `call'
  rack (1.6.4) lib/rack/sendfile.rb:113:in `call'
  railties (4.2.6) lib/rails/engine.rb:518:in `call'
  railties (4.2.6) lib/rails/application.rb:165:in `call'
  rack (1.6.4) lib/rack/lock.rb:17:in `call'
  rack (1.6.4) lib/rack/content_length.rb:15:in `call'
  rack (1.6.4) lib/rack/handler/webrick.rb:88:in `service'
  /home/levon/.rbenv/versions/2.2.2/lib/ruby/2.2.0/webrick/httpserver.rb:138:in `service'
  /home/levon/.rbenv/versions/2.2.2/lib/ruby/2.2.0/webrick/httpserver.rb:94:in `run'
  /home/levon/.rbenv/versions/2.2.2/lib/ruby/2.2.0/webrick/server.rb:294:in `block in start_thread'


  Rendered /home/levon/.rbenv/versions/2.2.2/lib/ruby/gems/2.2.0/gems/actionpack-4.2.6/lib/action_dispatch/middleware/templates/rescues/_trace.html.erb (0.8ms)
  Rendered /home/levon/.rbenv/versions/2.2.2/lib/ruby/gems/2.2.0/gems/actionpack-4.2.6/lib/action_dispatch/middleware/templates/routes/_route.html.erb (1.6ms)
  Rendered /home/levon/.rbenv/versions/2.2.2/lib/ruby/gems/2.2.0/gems/actionpack-4.2.6/lib/action_dispatch/middleware/templates/routes/_route.html.erb (0.2ms)
  Rendered /home/levon/.rbenv/versions/2.2.2/lib/ruby/gems/2.2.0/gems/actionpack-4.2.6/lib/action_dispatch/middleware/templates/routes/_table.html.erb (1.2ms)
  Rendered /home/levon/.rbenv/versions/2.2.2/lib/ruby/gems/2.2.0/gems/actionpack-4.2.6/lib/action_dispatch/middleware/templates/rescues/_request_and_response.html.erb (1.0ms)
  Rendered /home/levon/.rbenv/versions/2.2.2/lib/ruby/gems/2.2.0/gems/actionpack-4.2.6/lib/action_dispatch/middleware/templates/rescues/routing_error.html.erb within rescues/layout (63.2ms)
  Rendered /home/levon/.rbenv/versions/2.2.2/lib/ruby/gems/2.2.0/gems/web-console-2.3.0/lib/web_console/templates/_markup.html.erb (0.2ms)
  Rendered /home/levon/.rbenv/versions/2.2.2/lib/ruby/gems/2.2.0/gems/web-console-2.3.0/lib/web_console/templates/_inner_console_markup.html.erb within layouts/inlined_string (1.0ms)
  Rendered /home/levon/.rbenv/versions/2.2.2/lib/ruby/gems/2.2.0/gems/web-console-2.3.0/lib/web_console/templates/_prompt_box_markup.html.erb within layouts/inlined_string (0.3ms)
  Rendered /home/levon/.rbenv/versions/2.2.2/lib/ruby/gems/2.2.0/gems/web-console-2.3.0/lib/web_console/templates/style.css.erb within layouts/inlined_string (0.3ms)
  Rendered /home/levon/.rbenv/versions/2.2.2/lib/ruby/gems/2.2.0/gems/web-console-2.3.0/lib/web_console/templates/console.js.erb within layouts/javascript (21.9ms)
  Rendered /home/levon/.rbenv/versions/2.2.2/lib/ruby/gems/2.2.0/gems/web-console-2.3.0/lib/web_console/templates/main.js.erb within layouts/javascript (0.2ms)
  Rendered /home/levon/.rbenv/versions/2.2.2/lib/ruby/gems/2.2.0/gems/web-console-2.3.0/lib/web_console/templates/error_page.js.erb within layouts/javascript (0.2ms)
  Rendered /home/levon/.rbenv/versions/2.2.2/lib/ruby/gems/2.2.0/gems/web-console-2.3.0/lib/web_console/templates/index.html.erb (35.1ms)


Started GET "/assets/ckeditor/config.js?t=FB9E" for 127.0.0.1 at 2016-04-19 00:29:40 -0400


Started GET "/assets/ckeditor/skins/moono/editor_gecko.css?t=FB9E" for 127.0.0.1 at 2016-04-19 00:29:40 -0400


Started GET "/assets/ckeditor/lang/en.js?t=FB9E" for 127.0.0.1 at 2016-04-19 00:29:40 -0400


Started GET "/assets/ckeditor/styles.js?t=FB9E" for 127.0.0.1 at 2016-04-19 00:29:40 -0400


Started GET "/assets/ckeditor/skins/moono/icons.png" for 127.0.0.1 at 2016-04-19 00:29:40 -0400


Started GET "/assets/ckeditor/contents.css?t=FB9E" for 127.0.0.1 at 2016-04-19 00:29:40 -0400


Started PATCH "/posts/1" for 127.0.0.1 at 2016-04-19 00:29:45 -0400
Processing by PostsController#update as HTML
  Parameters: {"utf8"=>"✓", "authenticity_token"=>"KNq+SNdT08AV2YLEbLVUHlrUb9YQhFULAlhk5xz5jbR32l76EfP1FDX/SD/dm7SrtlMpTgB/mc+UQEENQARHpA==", "post"=>{"name"=>"123", "description"=>"<p>23</p>\r\n", "category"=>"12"}, "commit"=>"Update Post", "id"=>"1"}
  [1m[35mPost Load (0.1ms)[0m  SELECT  "posts".* FROM "posts" WHERE "posts"."id" = ? LIMIT 1  [["id", 1]]
  [1m[36mUser Load (0.1ms)[0m  [1mSELECT  "users".* FROM "users" WHERE "users"."id" = ?  ORDER BY "users"."id" ASC LIMIT 1[0m  [["id", 1]]
  [1m[35m (0.0ms)[0m  begin transaction
  [1m[36m (0.1ms)[0m  [1mcommit transaction[0m
Redirected to http://localhost:3000/posts/1
Completed 302 Found in 6ms (ActiveRecord: 0.2ms)


Started GET "/posts/1" for 127.0.0.1 at 2016-04-19 00:29:45 -0400
Processing by PostsController#show as HTML
  Parameters: {"id"=>"1"}
  [1m[35mPost Load (0.1ms)[0m  SELECT  "posts".* FROM "posts" WHERE "posts"."id" = ? LIMIT 1  [["id", 1]]
  [1m[36m (0.1ms)[0m  [1mSELECT COUNT(*) FROM "comments" WHERE "comments"."post_id" = ?[0m  [["post_id", 1]]
  [1m[35mComment Load (0.0ms)[0m  SELECT "comments".* FROM "comments" WHERE "comments"."post_id" = ?  [["post_id", 1]]
  Rendered collection (0.0ms)
  [1m[36mUser Load (0.1ms)[0m  [1mSELECT  "users".* FROM "users" WHERE "users"."id" = ?  ORDER BY "users"."id" ASC LIMIT 1[0m  [["id", 1]]
DEPRECATION WARNING: `#column_for_attribute` will return a null object for non-existent columns in Rails 5. Use `#has_attribute?` if you need to check for an attribute's existence. (called from block in _app_views_comments__form_html_erb__2181390871980175130_70311330113640 at /home/levon/Desktop/Project 3901/Project6/lastest/Fantastic-5---Project-6/DreamBox/app/views/comments/_form.html.erb:4)
  Rendered comments/_form.html.erb (9.6ms)
  [1m[35mUser Load (0.2ms)[0m  SELECT  "users".* FROM "users" WHERE "users"."id" = ? LIMIT 1  [["id", 1]]
  Rendered posts/show.html.erb within layouts/application (18.0ms)
  Rendered layouts/_shim.html.erb (0.0ms)
  Rendered layouts/_header.html.erb (0.3ms)
  Rendered layouts/_footer.html.erb (0.1ms)
Completed 200 OK in 88ms (Views: 86.4ms | ActiveRecord: 0.4ms)


Started GET "/assets/bootstrap-sprockets" for 127.0.0.1 at 2016-04-19 00:29:45 -0400


Started GET "/assets/bootstrap" for 127.0.0.1 at 2016-04-19 00:29:45 -0400


Started GET "/dreams" for 127.0.0.1 at 2016-04-19 00:30:50 -0400
Processing by DreamsController#index as HTML
  [1m[36mUser Load (0.1ms)[0m  [1mSELECT  "users".* FROM "users" WHERE "users"."id" = ?  ORDER BY "users"."id" ASC LIMIT 1[0m  [["id", 1]]
  [1m[35mDream Load (0.1ms)[0m  SELECT "dreams".* FROM "dreams" WHERE "dreams"."user_id" = ?  ORDER BY created_at DESC  [["user_id", 1]]
  Rendered simple_calendar/_month_calendar.html.erb (6.7ms)
  Rendered dreams/index.html.erb within layouts/application (8.7ms)
  Rendered layouts/_shim.html.erb (0.1ms)
  Rendered layouts/_header.html.erb (0.4ms)
  Rendered layouts/_footer.html.erb (0.1ms)
Completed 200 OK in 94ms (Views: 77.4ms | ActiveRecord: 0.9ms)


Started GET "/dreams/new" for 127.0.0.1 at 2016-04-19 00:30:52 -0400
Processing by DreamsController#new as HTML
  [1m[36mUser Load (0.1ms)[0m  [1mSELECT  "users".* FROM "users" WHERE "users"."id" = ?  ORDER BY "users"."id" ASC LIMIT 1[0m  [["id", 1]]
  Rendered dreams/_form.html.erb (43.0ms)
  Rendered dreams/new.html.erb within layouts/application (46.3ms)
  Rendered layouts/_shim.html.erb (0.1ms)
  Rendered layouts/_header.html.erb (0.3ms)
  Rendered layouts/_footer.html.erb (0.0ms)
Completed 200 OK in 126ms (Views: 117.1ms | ActiveRecord: 0.2ms)


Started GET "/assets/ckeditor/config.js?t=FB9E" for 127.0.0.1 at 2016-04-19 00:30:52 -0400


Started GET "/assets/ckeditor/skins/moono/editor_gecko.css?t=FB9E" for 127.0.0.1 at 2016-04-19 00:30:53 -0400


Started GET "/assets/ckeditor/lang/en.js?t=FB9E" for 127.0.0.1 at 2016-04-19 00:30:53 -0400


Started GET "/assets/ckeditor/styles.js?t=FB9E" for 127.0.0.1 at 2016-04-19 00:30:53 -0400


Started GET "/assets/ckeditor/skins/moono/icons.png" for 127.0.0.1 at 2016-04-19 00:30:53 -0400


Started GET "/assets/ckeditor/contents.css?t=FB9E" for 127.0.0.1 at 2016-04-19 00:30:53 -0400


Started POST "/dreams" for 127.0.0.1 at 2016-04-19 00:31:21 -0400
Processing by DreamsController#create as HTML
  Parameters: {"utf8"=>"✓", "authenticity_token"=>"km2O9O84doMbD4q9nww86cAxdVXvA7cJQHLlBXEKtZ7NbW5GKZhQVzspQEYuItxcLLYzzf/4e83WasDvLfd/jg==", "dream"=>{"description"=>"", "start_time(1i)"=>"2016", "start_time(2i)"=>"4", "start_time(3i)"=>"19", "start_time(4i)"=>"04", "start_time(5i)"=>"30"}, "commit"=>"Create Dream"}
  [1m[35mUser Load (0.2ms)[0m  SELECT  "users".* FROM "users" WHERE "users"."id" = ?  ORDER BY "users"."id" ASC LIMIT 1  [["id", 1]]
  [1m[36m (0.1ms)[0m  [1mbegin transaction[0m
  [1m[35m (0.0ms)[0m  rollback transaction
Completed 500 Internal Server Error in 33ms (ActiveRecord: 1.0ms)

NoMethodError (undefined method `name' for #<Dream:0x007fe5430dd038>):
  app/controllers/dreams_controller.rb:37:in `block in create'
  app/controllers/dreams_controller.rb:36:in `create'


  Rendered /home/levon/.rbenv/versions/2.2.2/lib/ruby/gems/2.2.0/gems/actionpack-4.2.6/lib/action_dispatch/middleware/templates/rescues/_source.erb (4.9ms)
  Rendered /home/levon/.rbenv/versions/2.2.2/lib/ruby/gems/2.2.0/gems/actionpack-4.2.6/lib/action_dispatch/middleware/templates/rescues/_trace.html.erb (1.8ms)
  Rendered /home/levon/.rbenv/versions/2.2.2/lib/ruby/gems/2.2.0/gems/actionpack-4.2.6/lib/action_dispatch/middleware/templates/rescues/_request_and_response.html.erb (0.8ms)
  Rendered /home/levon/.rbenv/versions/2.2.2/lib/ruby/gems/2.2.0/gems/actionpack-4.2.6/lib/action_dispatch/middleware/templates/rescues/diagnostics.html.erb within rescues/layout (23.7ms)
  Rendered /home/levon/.rbenv/versions/2.2.2/lib/ruby/gems/2.2.0/gems/web-console-2.3.0/lib/web_console/templates/_markup.html.erb (0.3ms)
  Rendered /home/levon/.rbenv/versions/2.2.2/lib/ruby/gems/2.2.0/gems/web-console-2.3.0/lib/web_console/templates/_inner_console_markup.html.erb within layouts/inlined_string (0.2ms)
  Rendered /home/levon/.rbenv/versions/2.2.2/lib/ruby/gems/2.2.0/gems/web-console-2.3.0/lib/web_console/templates/_prompt_box_markup.html.erb within layouts/inlined_string (0.4ms)
  Rendered /home/levon/.rbenv/versions/2.2.2/lib/ruby/gems/2.2.0/gems/web-console-2.3.0/lib/web_console/templates/style.css.erb within layouts/inlined_string (0.4ms)
  Rendered /home/levon/.rbenv/versions/2.2.2/lib/ruby/gems/2.2.0/gems/web-console-2.3.0/lib/web_console/templates/console.js.erb within layouts/javascript (23.7ms)
  Rendered /home/levon/.rbenv/versions/2.2.2/lib/ruby/gems/2.2.0/gems/web-console-2.3.0/lib/web_console/templates/main.js.erb within layouts/javascript (0.3ms)
  Rendered /home/levon/.rbenv/versions/2.2.2/lib/ruby/gems/2.2.0/gems/web-console-2.3.0/lib/web_console/templates/error_page.js.erb within layouts/javascript (0.6ms)
  Rendered /home/levon/.rbenv/versions/2.2.2/lib/ruby/gems/2.2.0/gems/web-console-2.3.0/lib/web_console/templates/index.html.erb (38.4ms)


Started POST "/dreams" for 127.0.0.1 at 2016-04-19 00:33:00 -0400
Processing by DreamsController#create as HTML
  Parameters: {"utf8"=>"✓", "authenticity_token"=>"km2O9O84doMbD4q9nww86cAxdVXvA7cJQHLlBXEKtZ7NbW5GKZhQVzspQEYuItxcLLYzzf/4e83WasDvLfd/jg==", "dream"=>{"description"=>"", "start_time(1i)"=>"2016", "start_time(2i)"=>"4", "start_time(3i)"=>"19", "start_time(4i)"=>"04", "start_time(5i)"=>"30"}, "commit"=>"Create Dream"}
  [1m[36mUser Load (0.3ms)[0m  [1mSELECT  "users".* FROM "users" WHERE "users"."id" = ?  ORDER BY "users"."id" ASC LIMIT 1[0m  [["id", 1]]
  [1m[35m (0.1ms)[0m  begin transaction
  [1m[36m (0.0ms)[0m  [1mrollback transaction[0m
  Rendered dreams/_form.html.erb (4.2ms)
  Rendered dreams/new.html.erb within layouts/application (5.2ms)
  Rendered layouts/_shim.html.erb (0.1ms)
  Rendered layouts/_header.html.erb (0.3ms)
  Rendered layouts/_footer.html.erb (0.1ms)
Completed 200 OK in 93ms (Views: 70.7ms | ActiveRecord: 1.0ms)


Started GET "/assets/bootstrap-sprockets" for 127.0.0.1 at 2016-04-19 00:33:01 -0400


Started GET "/assets/bootstrap" for 127.0.0.1 at 2016-04-19 00:33:01 -0400


Started GET "/assets/ckeditor/config.js?t=FB9E" for 127.0.0.1 at 2016-04-19 00:33:01 -0400


Started GET "/assets/ckeditor/lang/en.js?t=FB9E" for 127.0.0.1 at 2016-04-19 00:33:01 -0400


Started GET "/assets/ckeditor/skins/moono/editor_gecko.css?t=FB9E" for 127.0.0.1 at 2016-04-19 00:33:01 -0400


Started GET "/assets/ckeditor/styles.js?t=FB9E" for 127.0.0.1 at 2016-04-19 00:33:01 -0400


Started GET "/assets/ckeditor/skins/moono/icons.png" for 127.0.0.1 at 2016-04-19 00:33:01 -0400


Started GET "/assets/ckeditor/contents.css?t=FB9E" for 127.0.0.1 at 2016-04-19 00:33:01 -0400


Started POST "/dreams" for 127.0.0.1 at 2016-04-19 00:33:08 -0400
Processing by DreamsController#create as HTML
  Parameters: {"utf8"=>"✓", "authenticity_token"=>"fvtYT5qahZArW2cUnQSADjsKxgN8B/3KYpeM67D0jskh+7j9XDqjRAt9re8sKmC7142Am2z8MQ70j6kB7AlE2Q==", "dream"=>{"description"=>"<p>wocao</p>\r\n", "start_time(1i)"=>"2016", "start_time(2i)"=>"4", "start_time(3i)"=>"19", "start_time(4i)"=>"04", "start_time(5i)"=>"30"}, "commit"=>"Create Dream"}
  [1m[35mUser Load (0.1ms)[0m  SELECT  "users".* FROM "users" WHERE "users"."id" = ?  ORDER BY "users"."id" ASC LIMIT 1  [["id", 1]]
  [1m[36m (0.0ms)[0m  [1mbegin transaction[0m
  [1m[35mSQL (0.1ms)[0m  INSERT INTO "dreams" ("description", "start_time", "user_id", "created_at", "updated_at") VALUES (?, ?, ?, ?, ?)  [["description", "<p>wocao</p>\r\n"], ["start_time", "2016-04-19 04:30:00.000000"], ["user_id", 1], ["created_at", "2016-04-19 04:33:08.125031"], ["updated_at", "2016-04-19 04:33:08.125031"]]
  [1m[36m (7.0ms)[0m  [1mcommit transaction[0m
Redirected to http://localhost:3000/dreams/1
Completed 302 Found in 12ms (ActiveRecord: 7.3ms)


Started GET "/dreams/1" for 127.0.0.1 at 2016-04-19 00:33:08 -0400
Processing by DreamsController#show as HTML
  Parameters: {"id"=>"1"}
  [1m[35mDream Load (0.1ms)[0m  SELECT  "dreams".* FROM "dreams" WHERE "dreams"."id" = ? LIMIT 1  [["id", 1]]
  [1m[36mUser Load (0.1ms)[0m  [1mSELECT  "users".* FROM "users" WHERE "users"."id" = ?  ORDER BY "users"."id" ASC LIMIT 1[0m  [["id", 1]]
  Rendered dreams/show.html.erb within layouts/application (1.1ms)
  Rendered layouts/_shim.html.erb (0.0ms)
  Rendered layouts/_header.html.erb (0.2ms)
  Rendered layouts/_footer.html.erb (0.0ms)
Completed 200 OK in 67ms (Views: 63.7ms | ActiveRecord: 0.2ms)


Started GET "/assets/bootstrap-sprockets" for 127.0.0.1 at 2016-04-19 00:33:08 -0400


Started GET "/assets/bootstrap" for 127.0.0.1 at 2016-04-19 00:33:08 -0400


Started GET "/dreams" for 127.0.0.1 at 2016-04-19 00:33:12 -0400
Processing by DreamsController#index as HTML
  [1m[35mUser Load (0.1ms)[0m  SELECT  "users".* FROM "users" WHERE "users"."id" = ?  ORDER BY "users"."id" ASC LIMIT 1  [["id", 1]]
  [1m[36mDream Load (0.4ms)[0m  [1mSELECT "dreams".* FROM "dreams" WHERE "dreams"."user_id" = ?  ORDER BY created_at DESC[0m  [["user_id", 1]]
  Rendered simple_calendar/_month_calendar.html.erb (7.8ms)
  Rendered dreams/index.html.erb within layouts/application (11.6ms)
  Rendered layouts/_shim.html.erb (0.0ms)
  Rendered layouts/_header.html.erb (0.3ms)
  Rendered layouts/_footer.html.erb (0.0ms)
Completed 200 OK in 86ms (Views: 84.1ms | ActiveRecord: 0.4ms)


Started GET "/posts" for 127.0.0.1 at 2016-04-19 00:33:22 -0400
Processing by PostsController#index as HTML
  [1m[35mPost Load (0.5ms)[0m  SELECT "posts".* FROM "posts"  ORDER BY created_at DESC
  [1m[36mUser Load (0.1ms)[0m  [1mSELECT  "users".* FROM "users" WHERE "users"."id" = ? LIMIT 1[0m  [["id", 1]]
  [1m[35mUser Load (0.0ms)[0m  SELECT  "users".* FROM "users" WHERE "users"."id" = ?  ORDER BY "users"."id" ASC LIMIT 1  [["id", 1]]
  Rendered posts/index.html.erb within layouts/application (8.5ms)
  Rendered layouts/_shim.html.erb (0.0ms)
  Rendered layouts/_header.html.erb (0.2ms)
  Rendered layouts/_footer.html.erb (0.0ms)
Completed 200 OK in 78ms (Views: 74.8ms | ActiveRecord: 0.8ms)


Started GET "/posts/1" for 127.0.0.1 at 2016-04-19 00:34:09 -0400
Processing by PostsController#show as HTML
  Parameters: {"id"=>"1"}
  [1m[36mPost Load (0.1ms)[0m  [1mSELECT  "posts".* FROM "posts" WHERE "posts"."id" = ? LIMIT 1[0m  [["id", 1]]
  [1m[35m (0.1ms)[0m  SELECT COUNT(*) FROM "comments" WHERE "comments"."post_id" = ?  [["post_id", 1]]
  [1m[36mComment Load (0.1ms)[0m  [1mSELECT "comments".* FROM "comments" WHERE "comments"."post_id" = ?[0m  [["post_id", 1]]
  Rendered collection (0.0ms)
  [1m[35mUser Load (0.1ms)[0m  SELECT  "users".* FROM "users" WHERE "users"."id" = ?  ORDER BY "users"."id" ASC LIMIT 1  [["id", 1]]
DEPRECATION WARNING: `#column_for_attribute` will return a null object for non-existent columns in Rails 5. Use `#has_attribute?` if you need to check for an attribute's existence. (called from block in _app_views_comments__form_html_erb__2181390871980175130_70311329119200 at /home/levon/Desktop/Project 3901/Project6/lastest/Fantastic-5---Project-6/DreamBox/app/views/comments/_form.html.erb:4)
  Rendered comments/_form.html.erb (8.9ms)
  [1m[36mUser Load (0.1ms)[0m  [1mSELECT  "users".* FROM "users" WHERE "users"."id" = ? LIMIT 1[0m  [["id", 1]]
  Rendered posts/show.html.erb within layouts/application (21.3ms)
  Rendered layouts/_shim.html.erb (0.0ms)
  Rendered layouts/_header.html.erb (0.2ms)
  Rendered layouts/_footer.html.erb (0.0ms)
Completed 200 OK in 95ms (Views: 87.4ms | ActiveRecord: 1.4ms)


Started GET "/posts/new" for 127.0.0.1 at 2016-04-19 00:34:10 -0400
Processing by PostsController#new as HTML
  [1m[35mUser Load (0.1ms)[0m  SELECT  "users".* FROM "users" WHERE "users"."id" = ?  ORDER BY "users"."id" ASC LIMIT 1  [["id", 1]]
  Rendered posts/_form.html.erb (1.7ms)
  Rendered posts/new.html.erb within layouts/application (2.3ms)
  Rendered layouts/_shim.html.erb (0.0ms)
  Rendered layouts/_header.html.erb (0.3ms)
  Rendered layouts/_footer.html.erb (0.0ms)
Completed 200 OK in 63ms (Views: 57.3ms | ActiveRecord: 0.1ms)


Started GET "/assets/ckeditor/config.js?t=FB9E" for 127.0.0.1 at 2016-04-19 00:34:10 -0400


Started GET "/assets/ckeditor/skins/moono/editor_gecko.css?t=FB9E" for 127.0.0.1 at 2016-04-19 00:34:10 -0400


Started GET "/assets/ckeditor/lang/en.js?t=FB9E" for 127.0.0.1 at 2016-04-19 00:34:10 -0400


Started GET "/assets/ckeditor/styles.js?t=FB9E" for 127.0.0.1 at 2016-04-19 00:34:11 -0400


Started GET "/assets/ckeditor/skins/moono/icons.png" for 127.0.0.1 at 2016-04-19 00:34:11 -0400


Started GET "/assets/ckeditor/contents.css?t=FB9E" for 127.0.0.1 at 2016-04-19 00:34:11 -0400


Started POST "/posts" for 127.0.0.1 at 2016-04-19 00:34:39 -0400
Processing by PostsController#create as HTML
  Parameters: {"utf8"=>"✓", "authenticity_token"=>"TBWt19BJ70QeJDRKKZyEf3G3RMUJ1SpsIbjGkM+4gBcTFU1lFunJkD4C/rGYsmTKnTACXRku5qi3oON6k0VKBw==", "post"=>{"name"=>"", "description"=>"<p>s</p>\r\n", "category"=>"s"}, "commit"=>"Create Post"}
  [1m[36mUser Load (0.1ms)[0m  [1mSELECT  "users".* FROM "users" WHERE "users"."id" = ?  ORDER BY "users"."id" ASC LIMIT 1[0m  [["id", 1]]
  [1m[35m (0.1ms)[0m  begin transaction
  [1m[36m (0.1ms)[0m  [1mrollback transaction[0m
  Rendered posts/_form.html.erb (3.6ms)
  Rendered posts/new.html.erb within layouts/application (4.9ms)
  Rendered layouts/_shim.html.erb (0.0ms)
  Rendered layouts/_header.html.erb (0.3ms)
  Rendered layouts/_footer.html.erb (0.1ms)
Completed 200 OK in 83ms (Views: 79.3ms | ActiveRecord: 0.2ms)


Started GET "/assets/bootstrap-sprockets" for 127.0.0.1 at 2016-04-19 00:34:39 -0400


Started GET "/assets/bootstrap" for 127.0.0.1 at 2016-04-19 00:34:39 -0400


Started GET "/assets/ckeditor/config.js?t=FB9E" for 127.0.0.1 at 2016-04-19 00:34:39 -0400


Started GET "/assets/ckeditor/skins/moono/editor_gecko.css?t=FB9E" for 127.0.0.1 at 2016-04-19 00:34:39 -0400


Started GET "/assets/ckeditor/lang/en.js?t=FB9E" for 127.0.0.1 at 2016-04-19 00:34:39 -0400


Started GET "/assets/ckeditor/styles.js?t=FB9E" for 127.0.0.1 at 2016-04-19 00:34:39 -0400


Started GET "/assets/ckeditor/skins/moono/icons.png" for 127.0.0.1 at 2016-04-19 00:34:39 -0400


Started GET "/assets/ckeditor/contents.css?t=FB9E" for 127.0.0.1 at 2016-04-19 00:34:39 -0400


Started POST "/posts" for 127.0.0.1 at 2016-04-19 00:34:43 -0400
Processing by PostsController#create as HTML
  Parameters: {"utf8"=>"✓", "authenticity_token"=>"8S+HsuvrYnDTv2kZyuinqtaxxFDfk3N629D48V/VKU2uL2cALUtEpPOZo+J7xkcfOjaCyM9ov75NyN0bAyjjXQ==", "post"=>{"name"=>"s", "description"=>"<p>s</p>\r\n", "category"=>"s"}, "commit"=>"Create Post"}
  [1m[35mUser Load (0.5ms)[0m  SELECT  "users".* FROM "users" WHERE "users"."id" = ?  ORDER BY "users"."id" ASC LIMIT 1  [["id", 1]]
  [1m[36m (0.1ms)[0m  [1mbegin transaction[0m
  [1m[35mSQL (0.3ms)[0m  INSERT INTO "posts" ("name", "description", "category", "user_id", "created_at", "updated_at") VALUES (?, ?, ?, ?, ?, ?)  [["name", "s"], ["description", "<p>s</p>\r\n"], ["category", "s"], ["user_id", 1], ["created_at", "2016-04-19 04:34:43.057258"], ["updated_at", "2016-04-19 04:34:43.057258"]]
  [1m[36m (21.1ms)[0m  [1mcommit transaction[0m
Redirected to http://localhost:3000/posts/2
Completed 302 Found in 27ms (ActiveRecord: 22.0ms)


Started GET "/posts/2" for 127.0.0.1 at 2016-04-19 00:34:43 -0400
Processing by PostsController#show as HTML
  Parameters: {"id"=>"2"}
  [1m[35mPost Load (0.1ms)[0m  SELECT  "posts".* FROM "posts" WHERE "posts"."id" = ? LIMIT 1  [["id", 2]]
  [1m[36m (0.2ms)[0m  [1mSELECT COUNT(*) FROM "comments" WHERE "comments"."post_id" = ?[0m  [["post_id", 2]]
  [1m[35mComment Load (0.1ms)[0m  SELECT "comments".* FROM "comments" WHERE "comments"."post_id" = ?  [["post_id", 2]]
  Rendered collection (0.0ms)
  [1m[36mUser Load (0.1ms)[0m  [1mSELECT  "users".* FROM "users" WHERE "users"."id" = ?  ORDER BY "users"."id" ASC LIMIT 1[0m  [["id", 1]]
DEPRECATION WARNING: `#column_for_attribute` will return a null object for non-existent columns in Rails 5. Use `#has_attribute?` if you need to check for an attribute's existence. (called from block in _app_views_comments__form_html_erb__2181390871980175130_70311330113640 at /home/levon/Desktop/Project 3901/Project6/lastest/Fantastic-5---Project-6/DreamBox/app/views/comments/_form.html.erb:4)
  Rendered comments/_form.html.erb (5.5ms)
  [1m[35mUser Load (0.1ms)[0m  SELECT  "users".* FROM "users" WHERE "users"."id" = ? LIMIT 1  [["id", 1]]
  Rendered posts/show.html.erb within layouts/application (11.8ms)
  Rendered layouts/_shim.html.erb (0.0ms)
  Rendered layouts/_header.html.erb (0.4ms)
  Rendered layouts/_footer.html.erb (0.4ms)
Completed 200 OK in 125ms (Views: 122.9ms | ActiveRecord: 0.6ms)


Started GET "/assets/bootstrap-sprockets" for 127.0.0.1 at 2016-04-19 00:34:43 -0400


Started GET "/assets/bootstrap" for 127.0.0.1 at 2016-04-19 00:34:43 -0400


Started GET "/posts" for 127.0.0.1 at 2016-04-19 00:34:47 -0400
Processing by PostsController#index as HTML
  [1m[36mPost Load (0.2ms)[0m  [1mSELECT "posts".* FROM "posts"  ORDER BY created_at DESC[0m
  [1m[35mUser Load (0.2ms)[0m  SELECT  "users".* FROM "users" WHERE "users"."id" = ? LIMIT 1  [["id", 1]]
  [1m[36mUser Load (0.0ms)[0m  [1mSELECT  "users".* FROM "users" WHERE "users"."id" = ?  ORDER BY "users"."id" ASC LIMIT 1[0m  [["id", 1]]
  [1m[35mCACHE (0.0ms)[0m  SELECT  "users".* FROM "users" WHERE "users"."id" = ? LIMIT 1  [["id", 1]]
  Rendered posts/index.html.erb within layouts/application (7.5ms)
  Rendered layouts/_shim.html.erb (0.0ms)
  Rendered layouts/_header.html.erb (0.2ms)
  Rendered layouts/_footer.html.erb (0.0ms)
Completed 200 OK in 74ms (Views: 73.3ms | ActiveRecord: 0.5ms)


Started GET "/posts" for 127.0.0.1 at 2016-04-19 00:35:02 -0400
Processing by PostsController#index as HTML
  [1m[36mPost Load (0.2ms)[0m  [1mSELECT "posts".* FROM "posts"  ORDER BY created_at DESC[0m
  [1m[35mUser Load (0.1ms)[0m  SELECT  "users".* FROM "users" WHERE "users"."id" = ? LIMIT 1  [["id", 1]]
  [1m[36mUser Load (0.0ms)[0m  [1mSELECT  "users".* FROM "users" WHERE "users"."id" = ?  ORDER BY "users"."id" ASC LIMIT 1[0m  [["id", 1]]
  [1m[35mCACHE (0.0ms)[0m  SELECT  "users".* FROM "users" WHERE "users"."id" = ? LIMIT 1  [["id", 1]]
  Rendered posts/index.html.erb within layouts/application (4.0ms)
  Rendered layouts/_shim.html.erb (0.0ms)
  Rendered layouts/_header.html.erb (0.3ms)
  Rendered layouts/_footer.html.erb (0.1ms)
Completed 200 OK in 87ms (Views: 86.0ms | ActiveRecord: 0.3ms)


Started GET "/assets/comments.self-e3b0c44298fc1c149afbf4c8996fb92427ae41e4649b934ca495991b7852b855.css?body=1" for 127.0.0.1 at 2016-04-19 00:35:02 -0400


Started GET "/assets/custom.self-bc22ba2ffb3534ad225b41766cfb68aa5c2193862f349eef2b1378ad64d2aa2a.css?body=1" for 127.0.0.1 at 2016-04-19 00:35:02 -0400


Started GET "/assets/application.self-e945a907fe4cf393484dedb2af3b14e7233df7fc333f67d23e2b04b40954d245.css?body=1" for 127.0.0.1 at 2016-04-19 00:35:02 -0400


Started GET "/assets/simple_calendar.self-dac38931e6aab1acce39832478fee00a3ea733acc3d8bf92752a09e61f71cf25.css?body=1" for 127.0.0.1 at 2016-04-19 00:35:02 -0400


Started GET "/assets/dreams.self-e3b0c44298fc1c149afbf4c8996fb92427ae41e4649b934ca495991b7852b855.css?body=1" for 127.0.0.1 at 2016-04-19 00:35:02 -0400


Started GET "/assets/posts.self-e3b0c44298fc1c149afbf4c8996fb92427ae41e4649b934ca495991b7852b855.css?body=1" for 127.0.0.1 at 2016-04-19 00:35:02 -0400


Started GET "/assets/page.self-e3b0c44298fc1c149afbf4c8996fb92427ae41e4649b934ca495991b7852b855.css?body=1" for 127.0.0.1 at 2016-04-19 00:35:02 -0400


Started GET "/assets/scaffolds.self-a3b31e1d385390c97b4e58e7a50affd2f223386596859c7612048c2a333b760e.css?body=1" for 127.0.0.1 at 2016-04-19 00:35:02 -0400


Started GET "/assets/masonry/transitions.self-a7dd920491429cc09dda36f003350cf98f5cec3c45d00888fab83293dce6ce92.css?body=1" for 127.0.0.1 at 2016-04-19 00:35:02 -0400


Started GET "/assets/masonry/gutters.self-489950bf182e3d644754b0cb2f718b05b0748afe9abdac3bb98c43f70f7f725a.css?body=1" for 127.0.0.1 at 2016-04-19 00:35:02 -0400


Started GET "/assets/masonry/centered.self-879593f9244eeba1cc998ec04c0ce3a75c7ffc296cd51adf39d9577dd1ad1b22.css?body=1" for 127.0.0.1 at 2016-04-19 00:35:02 -0400


Started GET "/assets/masonry/basic.self-e7ec9a3a635d67da34f624b83c0af44d7e8c43b98df64fdf8c96278b7472f491.css?body=1" for 127.0.0.1 at 2016-04-19 00:35:02 -0400


Started GET "/assets/masonry/fluid.self-780061412a1035e7eb041e9dc70ba54566fcbd4add9186e1cbdad64c18d637d5.css?body=1" for 127.0.0.1 at 2016-04-19 00:35:02 -0400


Started GET "/assets/masonry/infinitescroll.self-2277014da156e886215b5c5626ebefa2212dafbdc0cca01aef5ebfdcb431ff9c.css?body=1" for 127.0.0.1 at 2016-04-19 00:35:02 -0400


Started GET "/assets/masonry/right-to-left.self-1926f6dff2363b494817518a408088f03c8a3f3b41a6fcd449d45684c352721e.css?body=1" for 127.0.0.1 at 2016-04-19 00:35:02 -0400


Started GET "/assets/masonry/jquery.masonry.self-e55a2ca40f0bd20129930439c10a6b8c5dd26787b41fd8427db5b9da8c2af52f.js?body=1" for 127.0.0.1 at 2016-04-19 00:35:02 -0400


Started GET "/assets/jquery.self-660adc51e0224b731d29f575a6f1ec167ba08ad06ed5deca4f1e8654c135bf4c.js?body=1" for 127.0.0.1 at 2016-04-19 00:35:02 -0400


Started GET "/assets/jquery_ujs.self-e87806d0cf4489aeb1bb7288016024e8de67fd18db693fe026fe3907581e53cd.js?body=1" for 127.0.0.1 at 2016-04-19 00:35:02 -0400


Started GET "/assets/ckeditor/init.self-2f3e80b764bc18c9362e6f3326e1f32d4a8bdceff67345a3453a93b111626ff3.js?body=1" for 127.0.0.1 at 2016-04-19 00:35:02 -0400


Started GET "/assets/ckeditor/ckeditor.self-d44511d44b2c01b6466fda92764336001e42a860f53ed63541c0f871afed5d7a.js?body=1" for 127.0.0.1 at 2016-04-19 00:35:02 -0400


Started GET "/assets/bootstrap/affix.self-d2b642d8fbfc1d7041e2edefd66683ada567a980789dcd6f94fddda0b33408b5.js?body=1" for 127.0.0.1 at 2016-04-19 00:35:02 -0400


Started GET "/assets/bootstrap/carousel.self-57eb8422043cf0a85b7a9dc6843916eb0a3e35b419c7798a5eb254b918997631.js?body=1" for 127.0.0.1 at 2016-04-19 00:35:02 -0400


Started GET "/assets/bootstrap/collapse.self-7dc8bfbc2fbfabd2bad62c58ff8ffeaf8f20fb87c7ca6cd35f06d4dc19632587.js?body=1" for 127.0.0.1 at 2016-04-19 00:35:02 -0400


Started GET "/assets/bootstrap/button.self-a6cb16785434acb365ae426aef9f1fce05ed553cae7a965e4471c3da71509175.js?body=1" for 127.0.0.1 at 2016-04-19 00:35:02 -0400


Started GET "/assets/bootstrap/alert.self-a29e91e8cd3ddaba9bbc466901d53ec2127e9256b9b941905d525a3a716bd1a5.js?body=1" for 127.0.0.1 at 2016-04-19 00:35:02 -0400


Started GET "/assets/bootstrap/dropdown.self-9314126777c6be5443e37ea7f7967d7914d72b3e60449ba50edc967446373059.js?body=1" for 127.0.0.1 at 2016-04-19 00:35:02 -0400


Started GET "/assets/bootstrap/tab.self-122235057fbd4c6c7da377d59dc58f47b44cb1088a2e38e6ee6ce9d8ac29a26a.js?body=1" for 127.0.0.1 at 2016-04-19 00:35:02 -0400


Started GET "/assets/bootstrap/transition.self-09ff30b1e8a93d1f7728b9855f55d9c9d8d5734c8861e0d8139994e50944572a.js?body=1" for 127.0.0.1 at 2016-04-19 00:35:02 -0400


Started GET "/assets/bootstrap/scrollspy.self-a155b9d4b2f978905f0326c0f6635e1134fe91c6bfbfcbad079fa24a9fef2b0e.js?body=1" for 127.0.0.1 at 2016-04-19 00:35:02 -0400


Started GET "/assets/bootstrap/modal.self-72f95ffa1071297725a9ac91989693d56d1abf23f441a47455073b0da2857a5b.js?body=1" for 127.0.0.1 at 2016-04-19 00:35:02 -0400


Started GET "/assets/bootstrap/popover.self-77d8e3a2499c1104ef146396a68b82469ee2bdb365199b874694698d10405e9a.js?body=1" for 127.0.0.1 at 2016-04-19 00:35:02 -0400


Started GET "/assets/bootstrap/tooltip.self-11cf547be953f25f511cec668f6690473fd97b2f65502e4032f4030999a3f0c3.js?body=1" for 127.0.0.1 at 2016-04-19 00:35:02 -0400


Started GET "/assets/bootstrap-sprockets.self-fbfa5ad7d9aa0afe439ec4ff3883acc4cb92b62cb67c40d674320c9aa1d4642d.js?body=1" for 127.0.0.1 at 2016-04-19 00:35:02 -0400


Started GET "/assets/comments.self-877aef30ae1b040ab8a3aba4e3e309a11d7f2612f44dde450b5c157aa5f95c05.js?body=1" for 127.0.0.1 at 2016-04-19 00:35:02 -0400


Started GET "/assets/dreams.self-f5559788d9a3e210abf6d3c2c99669ae0d32cc02b6be18883f843559760fdade.js?body=1" for 127.0.0.1 at 2016-04-19 00:35:02 -0400


Started GET "/assets/page.self-877aef30ae1b040ab8a3aba4e3e309a11d7f2612f44dde450b5c157aa5f95c05.js?body=1" for 127.0.0.1 at 2016-04-19 00:35:02 -0400


Started GET "/assets/turbolinks.self-c37727e9bd6b2735da5c311aa83fead54ed0be6cc8bd9a65309e9c5abe2cbfff.js?body=1" for 127.0.0.1 at 2016-04-19 00:35:02 -0400


Started GET "/assets/bootstrap-sprockets" for 127.0.0.1 at 2016-04-19 00:35:02 -0400


Started GET "/assets/bootstrap" for 127.0.0.1 at 2016-04-19 00:35:02 -0400


Started GET "/assets/application.self-10ad0916cf31256fe71785e8dc9cc297a96b1cdf7b74aeb61711199b9a3d003f.js?body=1" for 127.0.0.1 at 2016-04-19 00:35:02 -0400


Started GET "/assets/posts.self-f5559788d9a3e210abf6d3c2c99669ae0d32cc02b6be18883f843559760fdade.js?body=1" for 127.0.0.1 at 2016-04-19 00:35:02 -0400


Started GET "/posts" for 127.0.0.1 at 2016-04-19 00:35:17 -0400
Processing by PostsController#index as HTML
  [1m[36mPost Load (0.1ms)[0m  [1mSELECT "posts".* FROM "posts"  ORDER BY created_at DESC[0m
  [1m[35mUser Load (0.0ms)[0m  SELECT  "users".* FROM "users" WHERE "users"."id" = ? LIMIT 1  [["id", 1]]
  [1m[36mUser Load (0.0ms)[0m  [1mSELECT  "users".* FROM "users" WHERE "users"."id" = ?  ORDER BY "users"."id" ASC LIMIT 1[0m  [["id", 1]]
  [1m[35mCACHE (0.0ms)[0m  SELECT  "users".* FROM "users" WHERE "users"."id" = ? LIMIT 1  [["id", 1]]
  Rendered posts/index.html.erb within layouts/application (3.5ms)
  Rendered layouts/_shim.html.erb (0.0ms)
  Rendered layouts/_header.html.erb (0.4ms)
  Rendered layouts/_footer.html.erb (0.1ms)
Completed 200 OK in 82ms (Views: 81.2ms | ActiveRecord: 0.2ms)


Started GET "/dreams" for 127.0.0.1 at 2016-04-19 00:35:17 -0400
Processing by DreamsController#index as HTML
  [1m[36mUser Load (0.1ms)[0m  [1mSELECT  "users".* FROM "users" WHERE "users"."id" = ?  ORDER BY "users"."id" ASC LIMIT 1[0m  [["id", 1]]
  [1m[35mDream Load (0.2ms)[0m  SELECT "dreams".* FROM "dreams" WHERE "dreams"."user_id" = ?  ORDER BY created_at DESC  [["user_id", 1]]
  Rendered simple_calendar/_month_calendar.html.erb (5.0ms)
  Rendered dreams/index.html.erb within layouts/application (10.2ms)
  Rendered layouts/_shim.html.erb (0.0ms)
  Rendered layouts/_header.html.erb (0.3ms)
  Rendered layouts/_footer.html.erb (0.0ms)
Completed 200 OK in 85ms (Views: 80.3ms | ActiveRecord: 0.4ms)


Started GET "/posts" for 127.0.0.1 at 2016-04-19 00:35:19 -0400
Processing by PostsController#index as HTML
  [1m[36mPost Load (0.1ms)[0m  [1mSELECT "posts".* FROM "posts"  ORDER BY created_at DESC[0m
  [1m[35mUser Load (0.0ms)[0m  SELECT  "users".* FROM "users" WHERE "users"."id" = ? LIMIT 1  [["id", 1]]
  [1m[36mUser Load (0.0ms)[0m  [1mSELECT  "users".* FROM "users" WHERE "users"."id" = ?  ORDER BY "users"."id" ASC LIMIT 1[0m  [["id", 1]]
  [1m[35mCACHE (0.0ms)[0m  SELECT  "users".* FROM "users" WHERE "users"."id" = ? LIMIT 1  [["id", 1]]
  Rendered posts/index.html.erb within layouts/application (6.7ms)
  Rendered layouts/_shim.html.erb (0.0ms)
  Rendered layouts/_header.html.erb (0.2ms)
  Rendered layouts/_footer.html.erb (0.1ms)
Completed 200 OK in 68ms (Views: 67.0ms | ActiveRecord: 0.2ms)


Started GET "/dreams" for 127.0.0.1 at 2016-04-19 00:35:23 -0400
Processing by DreamsController#index as HTML
  [1m[36mUser Load (0.1ms)[0m  [1mSELECT  "users".* FROM "users" WHERE "users"."id" = ?  ORDER BY "users"."id" ASC LIMIT 1[0m  [["id", 1]]
  [1m[35mDream Load (0.1ms)[0m  SELECT "dreams".* FROM "dreams" WHERE "dreams"."user_id" = ?  ORDER BY created_at DESC  [["user_id", 1]]
  Rendered simple_calendar/_month_calendar.html.erb (5.7ms)
  Rendered dreams/index.html.erb within layouts/application (7.6ms)
  Rendered layouts/_shim.html.erb (0.0ms)
  Rendered layouts/_header.html.erb (0.2ms)
  Rendered layouts/_footer.html.erb (0.0ms)
Completed 200 OK in 72ms (Views: 70.5ms | ActiveRecord: 0.1ms)


Started GET "/posts" for 127.0.0.1 at 2016-04-19 00:35:25 -0400
Processing by PostsController#index as HTML
  [1m[36mPost Load (0.2ms)[0m  [1mSELECT "posts".* FROM "posts"  ORDER BY created_at DESC[0m
  [1m[35mUser Load (0.1ms)[0m  SELECT  "users".* FROM "users" WHERE "users"."id" = ? LIMIT 1  [["id", 1]]
  [1m[36mUser Load (0.0ms)[0m  [1mSELECT  "users".* FROM "users" WHERE "users"."id" = ?  ORDER BY "users"."id" ASC LIMIT 1[0m  [["id", 1]]
  [1m[35mCACHE (0.0ms)[0m  SELECT  "users".* FROM "users" WHERE "users"."id" = ? LIMIT 1  [["id", 1]]
  Rendered posts/index.html.erb within layouts/application (9.0ms)
  Rendered layouts/_shim.html.erb (0.1ms)
  Rendered layouts/_header.html.erb (0.3ms)
  Rendered layouts/_footer.html.erb (0.1ms)
Completed 200 OK in 95ms (Views: 94.4ms | ActiveRecord: 0.3ms)


Started GET "/about" for 127.0.0.1 at 2016-04-19 00:35:26 -0400
Processing by PageController#about as HTML
  Rendered page/about.html.erb within layouts/application (0.3ms)
  Rendered layouts/_shim.html.erb (0.0ms)
  [1m[36mUser Load (0.1ms)[0m  [1mSELECT  "users".* FROM "users" WHERE "users"."id" = ?  ORDER BY "users"."id" ASC LIMIT 1[0m  [["id", 1]]
  Rendered layouts/_header.html.erb (1.0ms)
  Rendered layouts/_footer.html.erb (0.0ms)
Completed 200 OK in 74ms (Views: 73.5ms | ActiveRecord: 0.1ms)


Started GET "/posts" for 127.0.0.1 at 2016-04-19 00:35:28 -0400
Processing by PostsController#index as HTML
  [1m[35mPost Load (0.2ms)[0m  SELECT "posts".* FROM "posts"  ORDER BY created_at DESC
  [1m[36mUser Load (0.0ms)[0m  [1mSELECT  "users".* FROM "users" WHERE "users"."id" = ? LIMIT 1[0m  [["id", 1]]
  [1m[35mUser Load (0.1ms)[0m  SELECT  "users".* FROM "users" WHERE "users"."id" = ?  ORDER BY "users"."id" ASC LIMIT 1  [["id", 1]]
  [1m[36mCACHE (0.0ms)[0m  [1mSELECT  "users".* FROM "users" WHERE "users"."id" = ? LIMIT 1[0m  [["id", 1]]
  Rendered posts/index.html.erb within layouts/application (3.3ms)
  Rendered layouts/_shim.html.erb (0.0ms)
  Rendered layouts/_header.html.erb (0.3ms)
  Rendered layouts/_footer.html.erb (0.0ms)
Completed 200 OK in 68ms (Views: 67.0ms | ActiveRecord: 0.3ms)


Started GET "/dreams" for 127.0.0.1 at 2016-04-19 00:36:09 -0400
Processing by DreamsController#index as HTML
  [1m[35mUser Load (0.1ms)[0m  SELECT  "users".* FROM "users" WHERE "users"."id" = ?  ORDER BY "users"."id" ASC LIMIT 1  [["id", 1]]
  [1m[36mDream Load (0.1ms)[0m  [1mSELECT "dreams".* FROM "dreams" WHERE "dreams"."user_id" = ?  ORDER BY created_at DESC[0m  [["user_id", 1]]
  Rendered simple_calendar/_month_calendar.html.erb (5.0ms)
  Rendered dreams/index.html.erb within layouts/application (6.8ms)
  Rendered layouts/_shim.html.erb (0.0ms)
  Rendered layouts/_header.html.erb (0.2ms)
  Rendered layouts/_footer.html.erb (0.0ms)
Completed 200 OK in 79ms (Views: 76.9ms | ActiveRecord: 0.1ms)
